RoboMaker Log Recorder Starting...
+ exec stdbuf -oL -eL roslaunch deepracer_simulation_environment evaluation.launch
WARNING: Could not change permissions for folder [/home/robomaker/.ros/log/bac9e2e0-fd1e-11ea-b9d5-0242a9fe0103], make sure that the parent folder has correct permissions.
Checking log directory for disk usage. This may take awhile.
Press Ctrl-C to interrupt
Done checking log file disk usage. Usage is <1GB.
]2;/home/robomaker/workspace/applications/simulation-application/bundle/opt/install/deepracer_simulation_environment/share/deepracer_simulation_environment/launch/evaluation.launch
started roslaunch server http://169.254.1.3:42819/
SUMMARY
========
PARAMETERS
 * /rosdistro: kinetic
 * /rosversion: 1.12.14
NODES
  /
    download_params_and_roslaunch_agent_node (deepracer_simulation_environment/download_params_and_roslaunch_agent.py)
auto-starting new master
process[master]: started with pid [138]
ROS_MASTER_URI=http://169.254.1.3:11311/
]2;/home/robomaker/workspace/applications/simulation-application/bundle/opt/install/deepracer_simulation_environment/share/deepracer_simulation_environment/launch/evaluation.launch http://169.254.1.3:11311/
setting /run_id to bac9e2e0-fd1e-11ea-b9d5-0242a9fe0103
process[rosout-1]: started with pid [192]
started core service [/rosout]
process[download_params_and_roslaunch_agent_node-2]: started with pid [209]
Checking internet connection...
Verified internet connection
[s3] Successfully downloaded yaml file from s3 key data-4911253a-c01f-4c71-a54c-19b96a9d885b/models/ArtificialRacers-S3p2T26D-5b/sagemaker-robomaker-artifacts/eval_params_a8866e49-ae12-4a49-9972-beff519d6c90.yaml to local ./custom_files/eval_params_a8866e49-ae12-4a49-9972-beff519d6c90.yaml.
{'METRICS_S3_BUCKET': ['aws-deepracer-data-us-east-1-1'], 'MP4_S3_OBJECT_PREFIX': 'data-4911253a-c01f-4c71-a54c-19b96a9d885b/models/ArtificialRacers-S3p2T26D-5b/videos/evaluation/evaluation-20200922215707-Un7TY69dRfSj9PeYJ9zfcg', 'RACER_NAME': 'eval-test', 'SIMTRACE_S3_BUCKET': 'aws-deepracer-data-us-east-1-1', 'KINESIS_VIDEO_STREAM_NAME': 'dr-kvs-372026249783-20200922215707-15bc9058-8212-43c8-b3a8-612e0c93956a', 'VIDEO_JOB_TYPE': 'EVALUATION', 'RACE_TYPE': 'TIME_TRIAL', 'WORLD_NAME': 'reinvent_base', 'MODEL_S3_PREFIX': ['data-4911253a-c01f-4c71-a54c-19b96a9d885b/models/ArtificialRacers-S3p2T26D-5b/sagemaker-robomaker-artifacts'], 'MODEL_NAME': 'ArtificialRacers-S3p2T26D-5b', 'CAR_COLOR': ['Grey'], 'S3_KMS_CMK_ARN': 'arn:aws:kms:us-east-1:372026249783:key/71f61832-bb96-41d2-afba-3353233e9276', 'NUMBER_OF_TRIALS': '5', 'BODY_SHELL_TYPE': ['deepracer'], 'MODEL_S3_BUCKET': ['aws-deepracer-data-us-east-1-1'], 'JOB_TYPE': 'EVALUATION', 'MP4_S3_BUCKET': 'aws-deepracer-data-us-east-1-1', 'AWS_REGION': 'us-east-1', 'CAR_NAME': 'ArtificialRacers-S3p4T26D', 'SIMTRACE_S3_PREFIX': 'data-4911253a-c01f-4c71-a54c-19b96a9d885b/models/ArtificialRacers-S3p2T26D-5b/sim-trace/evaluation/20200922215707-Un7TY69dRfSj9PeYJ9zfcg', 'METRICS_S3_OBJECT_KEY': ['data-4911253a-c01f-4c71-a54c-19b96a9d885b/models/ArtificialRacers-S3p2T26D-5b/metrics/evaluation/evaluation-20200922215707-Un7TY69dRfSj9PeYJ9zfcg.json'], 'ROBOMAKER_SIMULATION_JOB_ACCOUNT_ID': '372026249783', 'MODEL_METADATA_FILE_S3_KEY': ['data-4911253a-c01f-4c71-a54c-19b96a9d885b/models/ArtificialRacers-S3p2T26D-5b/sagemaker-robomaker-artifacts/model/model_metadata.json']}
[s3] Successfully downloaded model metadata                  from s3 key data-4911253a-c01f-4c71-a54c-19b96a9d885b/models/ArtificialRacers-S3p2T26D-5b/sagemaker-robomaker-artifacts/model/model_metadata.json to local ./custom_files/racecar/model_metadata.json.
Sensor list [u'FRONT_FACING_CAMERA'], network DEEP_CONVOLUTIONAL_NETWORK_SHALLOW, simapp_version 2.0
... logging to /home/robomaker/.ros/log/bac9e2e0-fd1e-11ea-b9d5-0242a9fe0103/roslaunch-27be350e286a-358.log
Checking log directory for disk usage. This may take awhile.
Press Ctrl-C to interrupt
Done checking log file disk usage. Usage is <1GB.
]2;/home/robomaker/workspace/applications/simulation-application/bundle/opt/install/deepracer_simulation_environment/share/deepracer_simulation_environment/launch/evaluation_rl_agent.launch
started roslaunch server http://169.254.1.3:39815/
SUMMARY
========
PARAMETERS
 * /AWS_REGION: us-east-1
 * /BODY_SHELL_TYPE: deepracer
 * /CAR_COLOR: Grey
 * /CAR_NAME: ArtificialRacers-...
 * /JOB_TYPE: EVALUATION
 * /KINESIS_VIDEO_STREAM_NAME: dr-kvs-3720262497...
 * /METRICS_S3_BUCKET: aws-deepracer-dat...
 * /METRICS_S3_OBJECT_KEY: data-4911253a-c01...
 * /MODEL_NAME: ArtificialRacers-...
 * /MODEL_S3_BUCKET: aws-deepracer-dat...
 * /MODEL_S3_PREFIX: data-4911253a-c01...
 * /MP4_S3_BUCKET: aws-deepracer-dat...
 * /MP4_S3_OBJECT_PREFIX: data-4911253a-c01...
 * /NUMBER_OF_TRIALS: 5
 * /RACER_NAME: eval-test
 * /RACE_TYPE: TIME_TRIAL
 * /ROBOMAKER_SIMULATION_JOB_ACCOUNT_ID: 372026249783
 * /S3_KMS_CMK_ARN: arn:aws:kms:us-ea...
 * /SIMTRACE_S3_BUCKET: aws-deepracer-dat...
 * /SIMTRACE_S3_PREFIX: data-4911253a-c01...
 * /VIDEO_JOB_TYPE: EVALUATION
 * /WORLD_NAME: reinvent_base
 * /racecar/h264_video_encoder/bitrate: 2048000
 * /racecar/h264_video_encoder/fps_denominator: 1
 * /racecar/h264_video_encoder/fps_numerator: 15
 * /racecar/h264_video_encoder/image_transport: raw
 * /racecar/h264_video_encoder/publication_topic: /racecar/b9/kvs/v...
 * /racecar/h264_video_encoder/subscription_topic: /racecar/deeprace...
 * /racecar/joint_state_controller/publish_rate: 60
 * /racecar/joint_state_controller/type: joint_state_contr...
 * /racecar/kinesis_video_streamer/aws_client_configuration/connect_timeout_ms: 9000
 * /racecar/kinesis_video_streamer/aws_client_configuration/max_retries: 10
 * /racecar/kinesis_video_streamer/aws_client_configuration/region: us-east-1
 * /racecar/kinesis_video_streamer/aws_client_configuration/request_timeout_ms: 9000
 * /racecar/kinesis_video_streamer/kinesis_video/log4cplus_config: /home/robomaker/w...
 * /racecar/kinesis_video_streamer/kinesis_video/stream0/frame_rate: 30
 * /racecar/kinesis_video_streamer/kinesis_video/stream0/frame_timecodes: False
 * /racecar/kinesis_video_streamer/kinesis_video/stream0/key_frame_fragmentation: False
 * /racecar/kinesis_video_streamer/kinesis_video/stream0/stream_name: dr-kvs-3720262497...
 * /racecar/kinesis_video_streamer/kinesis_video/stream0/subscription_topic: /racecar/b9/kvs/v...
 * /racecar/kinesis_video_streamer/kinesis_video/stream0/topic_type: 1
 * /racecar/kinesis_video_streamer/kinesis_video/stream_count: 1
 * /racecar/left_front_wheel_velocity_controller/joint: left_front_wheel_...
 * /racecar/left_front_wheel_velocity_controller/pid/d: 0.0
 * /racecar/left_front_wheel_velocity_controller/pid/i: 0.0
 * /racecar/left_front_wheel_velocity_controller/pid/i_clamp: 0.0
 * /racecar/left_front_wheel_velocity_controller/pid/p: 0.5
 * /racecar/left_front_wheel_velocity_controller/type: effort_controller...
 * /racecar/left_rear_wheel_velocity_controller/joint: left_rear_wheel_j...
 * /racecar/left_rear_wheel_velocity_controller/pid/d: 0.0
 * /racecar/left_rear_wheel_velocity_controller/pid/i: 0.0
 * /racecar/left_rear_wheel_velocity_controller/pid/i_clamp: 0.0
 * /racecar/left_rear_wheel_velocity_controller/pid/p: 1.0
 * /racecar/left_rear_wheel_velocity_controller/type: effort_controller...
 * /racecar/left_steering_hinge_position_controller/joint: left_steering_hin...
 * /racecar/left_steering_hinge_position_controller/pid/d: 0.5
 * /racecar/left_steering_hinge_position_controller/pid/i: 0.0
 * /racecar/left_steering_hinge_position_controller/pid/p: 1.0
 * /racecar/left_steering_hinge_position_controller/type: effort_controller...
 * /racecar/right_front_wheel_velocity_controller/joint: right_front_wheel...
 * /racecar/right_front_wheel_velocity_controller/pid/d: 0.0
 * /racecar/right_front_wheel_velocity_controller/pid/i: 0.0
 * /racecar/right_front_wheel_velocity_controller/pid/i_clamp: 0.0
 * /racecar/right_front_wheel_velocity_controller/pid/p: 0.5
 * /racecar/right_front_wheel_velocity_controller/type: effort_controller...
 * /racecar/right_rear_wheel_velocity_controller/joint: right_rear_wheel_...
 * /racecar/right_rear_wheel_velocity_controller/pid/d: 0.0
 * /racecar/right_rear_wheel_velocity_controller/pid/i: 0.0
 * /racecar/right_rear_wheel_velocity_controller/pid/i_clamp: 0.0
 * /racecar/right_rear_wheel_velocity_controller/pid/p: 1.0
 * /racecar/right_rear_wheel_velocity_controller/type: effort_controller...
 * /racecar/right_steering_hinge_position_controller/joint: right_steering_hi...
 * /racecar/right_steering_hinge_position_controller/pid/d: 0.5
 * /racecar/right_steering_hinge_position_controller/pid/i: 0.0
 * /racecar/right_steering_hinge_position_controller/pid/p: 1.0
 * /racecar/right_steering_hinge_position_controller/type: effort_controller...
 * /racecar/robot_description: <?xml version="1....
 * /rosdistro: kinetic
 * /rosversion: 1.12.14
 * /use_sim_time: True
NODES
  /racecar/
    controller_manager (controller_manager/spawner)
    h264_video_encoder (h264_video_encoder/h264_video_encoder)
    kinesis_video_streamer (kinesis_video_streamer/kinesis_video_streamer)
    racecar_spawn (gazebo_ros/spawn_model)
    robot_state_publisher (robot_state_publisher/robot_state_publisher)
  /
    agent (deepracer_simulation_environment/run_evaluation_rl_agent.sh)
    agents_video_editor (deepracer_simulation_environment/agents_video_editor.py)
    car_reset_node (deepracer_simulation_environment/car_node.py)
    gazebo (gazebo_ros/gzserver)
    visualization_node (deepracer_simulation_environment/visualization_node.py)
ROS_MASTER_URI=http://169.254.1.3:11311/
]2;/home/robomaker/workspace/applications/simulation-application/bundle/opt/install/deepracer_simulation_environment/share/deepracer_simulation_environment/launch/evaluation_rl_agent.launch http://169.254.1.3:11311/
process[racecar/racecar_spawn-1]: started with pid [378]
process[racecar/controller_manager-2]: started with pid [379]
process[racecar/robot_state_publisher-3]: started with pid [380]
process[racecar/h264_video_encoder-4]: started with pid [381]
process[racecar/kinesis_video_streamer-5]: started with pid [382]
process[gazebo-6]: started with pid [388]
process[car_reset_node-7]: started with pid [432]
process[agents_video_editor-8]: started with pid [462]
process[visualization_node-9]: started with pid [477]
process[agent-10]: started with pid [527]
+ export PYTHONUNBUFFERED=1
+ PYTHONUNBUFFERED=1
+ python3 -m markov.evaluation_worker
+ /opt/amazon/RoboMakerGazebo/bin/gzserver -s librobomaker_gazebo_metrics_plugin.so -e ode /home/robomaker/workspace/applications/simulation-application/bundle/opt/install/deepracer_simulation_environment/share/deepracer_simulation_environment/worlds/reinvent_base.world -s libdeepracer_gazebo_system_plugin.so -s /home/robomaker/workspace/applications/simulation-application/bundle/opt/ros/kinetic/lib/libgazebo_ros_paths_plugin.so -s /home/robomaker/workspace/applications/simulation-application/bundle/opt/ros/kinetic/lib/libgazebo_ros_api_plugin.so __name:=gazebo __log:=/home/robomaker/.ros/log/bac9e2e0-fd1e-11ea-b9d5-0242a9fe0103/gazebo-6.log
[INFO] [1600811969.493121, 0.000000]: Controller Spawner: Waiting for service controller_manager/load_controller
[ INFO] [1600811969.638025017]: DeepRacerGazeboSystemPlugin: Load
[ INFO] [1600811969.638782095]: DeepRacerGazeboSystemPlugin: Finished loading.
[ INFO] [1600811969.648352297]: Finished loading Gazebo ROS API Plugin.
[ INFO] [1600811969.649040294]: waitForService: Service [/gazebo/set_physics_properties] has not been advertised, waiting...
the rosdep view is empty: call 'sudo rosdep init' and 'rosdep update'
/usr/lib/python2.7/dist-packages/matplotlib/font_manager.py:273: UserWarning: Matplotlib is building the font cache using fc-list. This may take a moment.
  warnings.warn('Matplotlib is building the font cache using fc-list. This may take a moment.')
SpawnModel script started
[INFO] [1600811970.307514, 0.000000]: Loading model XML from ros parameter
[INFO] [1600811970.309707, 0.000000]: Waiting for service /gazebo/spawn_urdf_model
[ INFO] [1600811970.528061699]: DeepRacerGazeboSystemPlugin: Init Complete
[ INFO] [1600811970.586551603, 0.022000000]: waitForService: Service [/gazebo/set_physics_properties] is now available.
[INFO] [1600811970.612090, 0.046000]: Calling service /gazebo/spawn_urdf_model
[ INFO] [1600811970.615505276, 0.050000000]: Physics dynamic reconfigure ready.
[INFO] [1600811970.761898, 0.134000]: Spawn status: SpawnModel: Successfully spawned entity
[racecar/racecar_spawn-1] process has finished cleanly
log file: /home/robomaker/.ros/log/bac9e2e0-fd1e-11ea-b9d5-0242a9fe0103/racecar-racecar_spawn-1*.log
[ INFO] [1600811971.214712608, 0.134000000]: Camera Plugin: Using the 'robotNamespace' param: '/racecar/'
[ INFO] [1600811971.217520475, 0.134000000]: Camera Plugin (ns = /racecar/)  <tf_prefix_>, set to "/racecar"
[ INFO] [1600811971.228066909, 0.134000000]: Loading gazebo_ros_control plugin
[ INFO] [1600811971.228160193, 0.134000000]: Starting gazebo_ros_control plugin in namespace: /racecar
[ INFO] [1600811971.228883387, 0.134000000]: gazebo_ros_control plugin is waiting for model URDF in parameter [/racecar/robot_description] on the ROS param server.
[ INFO] [1600811971.343944537, 0.134000000]: Loaded gazebo_ros_control.
[INFO] [1600811971.603624, 0.392000]: Controller Spawner: Waiting for service controller_manager/switch_controller
[INFO] [1600811971.605930, 0.394000]: Controller Spawner: Waiting for service controller_manager/unload_controller
[INFO] [1600811971.608058, 0.396000]: Loading controller: left_rear_wheel_velocity_controller
[INFO] [1600811971.658620, 0.447000]: Loading controller: right_rear_wheel_velocity_controller
[INFO] [1600811971.701644, 0.490000]: Loading controller: left_front_wheel_velocity_controller
[INFO] [1600811971.749575, 0.538000]: Loading controller: right_front_wheel_velocity_controller
[INFO] [1600811971.794819, 0.583000]: Loading controller: left_steering_hinge_position_controller
[INFO] [1600811971.843905, 0.632000]: Loading controller: right_steering_hinge_position_controller
[INFO] [1600811971.891029, 0.679000]: Loading controller: joint_state_controller
[INFO] [1600811971.898935, 0.687000]: Controller Spawner: Loaded controllers: left_rear_wheel_velocity_controller, right_rear_wheel_velocity_controller, left_front_wheel_velocity_controller, right_front_wheel_velocity_controller, left_steering_hinge_position_controller, right_steering_hinge_position_controller, joint_state_controller
[INFO] [1600811971.900930, 0.689000]: Started controllers: left_rear_wheel_velocity_controller, right_rear_wheel_velocity_controller, left_front_wheel_velocity_controller, right_front_wheel_velocity_controller, left_steering_hinge_position_controller, right_steering_hinge_position_controller, joint_state_controller
Pausing physics after initializing the cars
Spawning sub camera model
[ INFO] [1600811972.174385016, 0.735000000]: Camera Plugin: Using the 'robotNamespace' param: '/racecar/main_camera'
[ INFO] [1600811972.176771123, 0.735000000]: Camera Plugin (ns = /racecar/main_camera)  <tf_prefix_>, set to "/racecar/main_camera"
Warning [parser.cc:835] XML Element[projection_type], child of element[camera] not defined in SDF. Ignoring[projection_type]. You may have an incorrect SDF file, or an sdformat version that doesn't support this element.
[ INFO] [1600811972.390079050, 0.735000000]: Camera Plugin: Using the 'robotNamespace' param: '/sub_camera'
[ INFO] [1600811972.392768548, 0.735000000]: Camera Plugin (ns = /sub_camera)  <tf_prefix_>, set to "/sub_camera"
S3 bucket: aws-deepracer-data-us-east-1-1 
 S3 prefix: data-4911253a-c01f-4c71-a54c-19b96a9d885b/models/ArtificialRacers-S3p2T26D-5b/sagemaker-robomaker-artifacts
[s3] Successfully downloaded model metadata                  from s3 key data-4911253a-c01f-4c71-a54c-19b96a9d885b/models/ArtificialRacers-S3p2T26D-5b/sagemaker-robomaker-artifacts/model/model_metadata.json to local ./custom_files/agent/model_metadata.json.
Sensor list ['FRONT_FACING_CAMERA'], network DEEP_CONVOLUTIONAL_NETWORK_SHALLOW, simapp_version 2.0
[s3] Successfully downloaded deepracer checkpoint json from                  s3 key data-4911253a-c01f-4c71-a54c-19b96a9d885b/models/ArtificialRacers-S3p2T26D-5b/sagemaker-robomaker-artifacts/model/deepracer_checkpoints.json to local checkpoint/agent/deepracer_checkpoints.json.
[s3] Successfully uploaded temp coach checkpoint to                   s3 bucket aws-deepracer-data-us-east-1-1 with s3 key data-4911253a-c01f-4c71-a54c-19b96a9d885b/models/ArtificialRacers-S3p2T26D-5b/sagemaker-robomaker-artifacts/model/.coach_checkpoint.
Loaded action space from file: [{'steering_angle': -26, 'index': 0, 'speed': 1.6}, {'steering_angle': -26, 'index': 1, 'speed': 3.2}, {'steering_angle': -17.333333333333336, 'index': 2, 'speed': 1.6}, {'steering_angle': -17.333333333333336, 'index': 3, 'speed': 3.2}, {'steering_angle': -8.66666666666667, 'index': 4, 'speed': 1.6}, {'steering_angle': -8.66666666666667, 'index': 5, 'speed': 3.2}, {'steering_angle': 0, 'index': 6, 'speed': 1.6}, {'steering_angle': 0, 'index': 7, 'speed': 3.2}, {'steering_angle': 8.666666666666664, 'index': 8, 'speed': 1.6}, {'steering_angle': 8.666666666666664, 'index': 9, 'speed': 3.2}, {'steering_angle': 17.333333333333336, 'index': 10, 'speed': 1.6}, {'steering_angle': 17.333333333333336, 'index': 11, 'speed': 3.2}, {'steering_angle': 26, 'index': 12, 'speed': 1.6}, {'steering_angle': 26, 'index': 13, 'speed': 3.2}]
Reward Distribution Graph:  racecar [{'steering_angle': -26, 'index': 0, 'speed': 1.6}, {'steering_angle': -26, 'index': 1, 'speed': 3.2}, {'steering_angle': -17.333333333333336, 'index': 2, 'speed': 1.6}, {'steering_angle': -17.333333333333336, 'index': 3, 'speed': 3.2}, {'steering_angle': -8.66666666666667, 'index': 4, 'speed': 1.6}, {'steering_angle': -8.66666666666667, 'index': 5, 'speed': 3.2}, {'steering_angle': 0, 'index': 6, 'speed': 1.6}, {'steering_angle': 0, 'index': 7, 'speed': 3.2}, {'steering_angle': 8.666666666666664, 'index': 8, 'speed': 1.6}, {'steering_angle': 8.666666666666664, 'index': 9, 'speed': 3.2}, {'steering_angle': 17.333333333333336, 'index': 10, 'speed': 1.6}, {'steering_angle': 17.333333333333336, 'index': 11, 'speed': 3.2}, {'steering_angle': 26, 'index': 12, 'speed': 1.6}, {'steering_angle': 26, 'index': 13, 'speed': 3.2}]
Using the following hyper-parameters
{
  "batch_size": 64,
  "beta_entropy": 0.01,
  "discount_factor": 0.999,
  "e_greedy_value": 0.05,
  "epsilon_steps": 10000,
  "exploration_type": "categorical",
  "loss_type": "mean squared error",
  "lr": 0.0003,
  "num_episodes_between_training": 20,
  "num_epochs": 10,
  "stack_size": 1,
  "term_cond_avg_score": 100000.0,
  "term_cond_max_episodes": 100000
}
[s3] Successfully downloaded rl coach checkpoint from                  s3 key data-4911253a-c01f-4c71-a54c-19b96a9d885b/models/ArtificialRacers-S3p2T26D-5b/sagemaker-robomaker-artifacts/model/.coach_checkpoint to local checkpoint/agent/.coach_checkpoint.
[s3] Successfully downloaded 1608_Step-13889.ckpt.data-00000-of-00001 from                  s3 key data-4911253a-c01f-4c71-a54c-19b96a9d885b/models/ArtificialRacers-S3p2T26D-5b/sagemaker-robomaker-artifacts/model/1608_Step-13889.ckpt.data-00000-of-00001 to local checkpoint/agent/1608_Step-13889.ckpt.data-00000-of-00001.
[s3] Successfully downloaded 1608_Step-13889.ckpt.index from                  s3 key data-4911253a-c01f-4c71-a54c-19b96a9d885b/models/ArtificialRacers-S3p2T26D-5b/sagemaker-robomaker-artifacts/model/1608_Step-13889.ckpt.index to local checkpoint/agent/1608_Step-13889.ckpt.index.
[ERROR] [1600811976.903841654, 0.735000000]: [open_codec] Invalid codec
[libx264 @ 0x120e3e0] using cpu capabilities: MMX2 SSE2Fast SSSE3 SSE4.2 AVX FMA3 AVX2 LZCNT BMI2
[libx264 @ 0x120e3e0] profile High, level 2.2
[libx264 @ 0x120e3e0] 264 - core 148 r2643 5c65704 - H.264/MPEG-4 AVC codec - Copyleft 2003-2015 - http://www.videolan.org/x264.html - options: cabac=1 ref=1 deblock=1:0:0 analyse=0x3:0x113 me=hex subme=2 psy=1 psy_rd=1.00:0.00 mixed_ref=0 me_range=16 chroma_me=1 trellis=0 8x8dct=1 cqm=0 deadzone=21,11 fast_pskip=1 chroma_qp_offset=0 threads=7 lookahead_threads=7 sliced_threads=1 slices=7 nr=0 decimate=1 interlaced=0 bluray_compat=0 constrained_intra=0 bframes=0 weightp=1 keyint=15 keyint_min=8 scenecut=40 intra_refresh=0 rc=abr mbtree=0 bitrate=2048 ratetol=1.0 qcomp=0.60 qpmin=0 qpmax=69 qpstep=4 ip_ratio=1.40 aq=1:1.00
[s3] Successfully downloaded 1608_Step-13889.ckpt.meta from                  s3 key data-4911253a-c01f-4c71-a54c-19b96a9d885b/models/ArtificialRacers-S3p2T26D-5b/sagemaker-robomaker-artifacts/model/1608_Step-13889.ckpt.meta to local checkpoint/agent/1608_Step-13889.ckpt.meta.
[s3] Successfully downloaded .ready from                  s3 key data-4911253a-c01f-4c71-a54c-19b96a9d885b/models/ArtificialRacers-S3p2T26D-5b/sagemaker-robomaker-artifacts/model/.ready to local checkpoint/agent/.ready.
Renaming checkpoint from checkpoint_dir: checkpoint/agent for agent: agent
2020-09-22 21:59:37.342106: I tensorflow/core/platform/cpu_feature_guard.cc:141] Your CPU supports instructions that this TensorFlow binary was not compiled to use: AVX2 AVX512F FMA
Saving updated checkpoint to ./renamed_checkpoint/1608_Step-13889.ckpt
Creating graph - name: MultiAgentGraphManager
Start physics before creating graph
Create graph
Creating agent - name: agent
[RL] Created agent loggers
[RL] Dynamic import of memory:  "DeepRacerMemoryParameters" {
    "load_memory_from_file_path": null,
    "max_size": [
        "<MemoryGranularity.Transitions: 0>",
        1000000
    ],
    "n_step": -1,
    "shared_memory": false,
    "train_to_eval_ratio": 1
}
[RL] Dynamically imported of memory <markov.memories.deepracer_memory.DeepRacerMemory object at 0x7ff4084f1748>
[RL] Setting devices
[RL] Setting filters
[RL] Setting filter devices: numpy
[RL] Setting Phase
[RL] After setting Phase
[RL] Setting signals
[RL] Agent init successful
[RL] ActorCriticAgent init
[RL] ActorCriticAgent  init successful
Created agent: agent
Stop physics after creating graph
Creating session
Checkpoint - Restoring from path: ./checkpoint/agent/1608_Step-13889.ckpt 
Graph manager successfully created the graph: Unpausing physics
agent: Starting evaluation phase
Reset agent
TrackerManager: missed an _update_sim_time call
SIM_TRACE_LOG:0,1,2.5500,0.6830,0.0285,0.00,3.20,7,1.0000,False,True,-2.0368,69,17.67,1600811990.7420764,in_progress
SIM_TRACE_LOG:0,2,2.5534,0.6830,0.0287,-17.33,1.60,2,1.0000,False,True,-2.0181,69,17.67,1600811990.7798831,in_progress
SIM_TRACE_LOG:0,3,2.5606,0.6827,0.0234,-17.33,1.60,2,1.0000,False,True,-1.9769,69,17.67,1600811990.8436868,in_progress
SIM_TRACE_LOG:0,4,2.5807,0.6818,-0.3299,-17.33,1.60,2,1.0000,False,True,-1.8637,69,17.67,1600811990.9111822,in_progress
SIM_TRACE_LOG:0,5,2.6247,0.6787,-1.3382,0.00,3.20,7,1.0000,False,True,-1.6143,69,17.67,1600811990.9779208,in_progress
SIM_TRACE_LOG:0,6,2.6763,0.6744,-2.4153,0.00,3.20,7,1.0000,False,True,-1.3224,69,17.67,1600811991.046378,in_progress
SIM_TRACE_LOG:0,7,2.7471,0.6681,-3.4675,17.33,1.60,10,1.0000,False,True,-0.9219,69,17.67,1600811991.114346,in_progress
SIM_TRACE_LOG:0,8,2.8232,0.6615,-4.1466,17.33,1.60,10,1.0000,False,True,-0.4913,69,17.67,1600811991.1813629,in_progress
SIM_TRACE_LOG:0,9,2.9293,0.6524,-4.5327,0.00,3.20,7,1.0000,False,True,0.1094,0,17.67,1600811991.2473178,in_progress
SIM_TRACE_LOG:0,10,3.0419,0.6434,-4.5558,0.00,3.20,7,1.0000,False,True,0.7462,0,17.67,1600811991.31626,in_progress
SIM_TRACE_LOG:0,11,3.1806,0.6324,-4.5506,17.33,1.60,10,1.0000,False,True,1.5313,1,17.67,1600811991.38214,in_progress
SIM_TRACE_LOG:0,12,3.2930,0.6249,-4.3031,17.33,1.60,10,1.0000,False,True,2.1671,1,17.67,1600811991.4468517,in_progress
SIM_TRACE_LOG:0,13,3.4185,0.6221,-2.4953,17.33,1.60,10,0.5000,False,True,2.8772,2,17.67,1600811991.5146706,in_progress
SIM_TRACE_LOG:0,14,3.5291,0.6255,-0.2744,0.00,3.20,7,1.0000,False,True,3.5034,3,17.67,1600811991.5814455,in_progress
SIM_TRACE_LOG:0,15,3.6563,0.6336,2.1102,0.00,3.20,7,1.0000,False,True,4.2231,3,17.67,1600811991.6470098,in_progress
SIM_TRACE_LOG:0,16,3.7702,0.6427,3.5066,0.00,3.20,7,1.0000,False,True,4.8674,3,17.67,1600811991.715252,in_progress
SIM_TRACE_LOG:0,17,3.9126,0.6562,4.7588,-26.00,1.60,0,1.0000,False,True,5.6735,4,17.67,1600811991.7825723,in_progress
SIM_TRACE_LOG:0,18,4.0667,0.6717,5.8079,-17.33,1.60,2,1.0000,False,True,6.5457,4,17.67,1600811991.8486028,in_progress
SIM_TRACE_LOG:0,19,4.1941,0.6835,5.4491,-17.33,1.60,2,1.0000,False,True,7.2665,4,17.67,1600811991.9154162,in_progress
SIM_TRACE_LOG:0,20,4.3183,0.6901,3.9165,-17.33,1.60,2,1.0000,False,True,7.9693,4,17.67,1600811991.9815624,in_progress
SIM_TRACE_LOG:0,21,4.4398,0.6900,1.5549,-17.33,1.60,2,1.0000,False,True,8.6570,5,17.67,1600811992.0502956,in_progress
SIM_TRACE_LOG:0,22,4.5494,0.6837,-1.1347,-17.33,1.60,2,1.0000,False,True,9.2769,6,17.67,1600811992.1163423,in_progress
SIM_TRACE_LOG:0,23,4.6587,0.6708,-4.3243,0.00,3.20,7,1.0000,False,True,9.8953,6,17.67,1600811992.1822183,in_progress
SIM_TRACE_LOG:0,24,4.7717,0.6521,-7.2256,17.33,1.60,10,1.0000,False,True,10.5350,6,17.67,1600811992.2476525,in_progress
SIM_TRACE_LOG:0,25,4.8932,0.6313,-9.6799,17.33,1.60,10,1.0000,False,True,11.2226,6,17.67,1600811992.3192325,in_progress
SIM_TRACE_LOG:0,26,4.9993,0.6124,-9.9302,17.33,1.60,10,0.5000,False,True,11.8230,7,17.67,1600811992.383112,in_progress
SIM_TRACE_LOG:0,27,5.1171,0.5945,-9.1058,17.33,1.60,10,0.5000,False,True,12.4895,7,17.67,1600811992.4510398,in_progress
SIM_TRACE_LOG:0,28,5.2201,0.5827,-7.7147,17.33,1.60,10,0.5000,False,True,13.0724,7,17.67,1600811992.5147595,in_progress
SIM_TRACE_LOG:0,29,5.3312,0.5749,-5.5958,17.33,1.60,10,0.5000,False,True,13.7006,7,17.67,1600811992.582568,in_progress
SIM_TRACE_LOG:0,30,5.4450,0.5731,-2.8726,17.33,1.60,10,0.5000,False,True,14.3450,8,17.67,1600811992.6487172,in_progress
SIM_TRACE_LOG:0,31,5.5582,0.5784,0.3691,0.00,1.60,6,0.5000,False,True,14.9851,8,17.67,1600811992.7170203,in_progress
SIM_TRACE_LOG:0,32,5.6633,0.5874,2.7833,-17.33,1.60,2,0.5000,False,True,15.5803,9,17.67,1600811992.7855458,in_progress
SIM_TRACE_LOG:0,33,5.7815,0.5983,4.2117,17.33,1.60,10,0.5000,False,True,16.2417,9,17.67,1600811992.8501308,in_progress
SIM_TRACE_LOG:0,34,5.8734,0.6075,4.9454,17.33,1.60,10,0.5000,False,True,16.7621,9,17.67,1600811992.9194632,in_progress
SIM_TRACE_LOG:0,35,5.9945,0.6240,6.6523,26.00,1.60,12,0.5000,False,True,17.4489,9,17.67,1600811992.9864063,in_progress
SIM_TRACE_LOG:0,36,6.0905,0.6426,8.8726,26.00,1.60,12,1.0000,False,True,17.9937,10,17.67,1600811993.0523667,in_progress
SIM_TRACE_LOG:0,37,6.2043,0.6734,12.5970,26.00,1.60,12,1.0000,False,True,18.6403,10,17.67,1600811993.1189713,in_progress
SIM_TRACE_LOG:0,38,6.3109,0.7125,16.9748,26.00,1.60,12,1.0000,False,True,19.2580,10,17.67,1600811993.1859214,in_progress
SIM_TRACE_LOG:0,39,6.4158,0.7624,21.9522,26.00,1.60,12,1.0000,False,True,19.8807,11,17.67,1600811993.2511108,in_progress
SIM_TRACE_LOG:0,40,6.5030,0.8140,26.5696,26.00,1.60,12,0.5000,False,True,20.5484,12,17.67,1600811993.3198373,in_progress
SIM_TRACE_LOG:0,41,6.5915,0.8779,31.7672,26.00,1.60,12,0.5000,False,True,21.1488,13,17.67,1600811993.384603,in_progress
SIM_TRACE_LOG:0,42,6.6685,0.9455,36.8414,26.00,1.60,12,0.5000,False,True,21.8343,13,17.67,1600811993.4528673,in_progress
SIM_TRACE_LOG:0,43,6.7409,1.0223,42.2227,26.00,1.60,12,0.1000,False,True,22.5262,14,17.67,1600811993.5189085,in_progress
SIM_TRACE_LOG:0,44,6.8090,1.1109,48.0552,26.00,1.60,12,0.1000,False,True,23.1408,15,17.67,1600811993.5871675,in_progress
SIM_TRACE_LOG:0,45,6.8606,1.1936,53.2079,26.00,1.60,12,0.1000,False,True,23.9785,15,17.67,1600811993.655205,in_progress
SIM_TRACE_LOG:0,46,6.9126,1.2997,59.5433,26.00,1.60,12,0.1000,False,True,24.8289,16,17.67,1600811993.722504,in_progress
SIM_TRACE_LOG:0,47,6.9475,1.3956,65.1064,26.00,1.60,12,0.1000,False,True,25.7920,17,17.67,1600811993.792052,in_progress
SIM_TRACE_LOG:0,48,6.9749,1.5054,71.3661,26.00,1.60,12,0.1000,False,False,26.4321,17,17.67,1600811993.8563862,in_progress
SIM_TRACE_LOG:0,49,6.9883,1.5984,76.6152,26.00,1.60,12,0.1000,False,False,26.9624,18,17.67,1600811993.925952,in_progress
SIM_TRACE_LOG:0,50,6.9928,1.7147,83.1644,26.00,1.60,12,0.1000,False,False,27.6094,18,17.67,1600811993.992135,in_progress
SIM_TRACE_LOG:0,51,6.9858,1.8148,88.8774,26.00,1.60,12,0.1000,False,False,29.1002,20,17.67,1600811994.0578945,in_progress
SIM_TRACE_LOG:0,52,6.9676,1.9182,94.9144,26.00,1.60,12,0.1000,False,False,29.6850,20,17.67,1600811994.1275132,in_progress
SIM_TRACE_LOG:0,53,6.9353,2.0280,101.5578,26.00,1.60,12,0.1000,False,False,30.3312,21,17.67,1600811994.194438,in_progress
SIM_TRACE_LOG:0,54,6.8939,2.1261,107.7765,26.00,1.60,12,0.1000,False,False,30.9330,21,17.67,1600811994.2580242,in_progress
SIM_TRACE_LOG:0,55,6.8496,2.2069,113.1982,0.00,1.60,6,0.1000,False,False,31.9263,22,17.67,1600811994.3236666,in_progress
SIM_TRACE_LOG:0,56,6.7853,2.2993,119.8560,0.00,1.60,6,0.1000,False,False,32.8765,22,17.67,1600811994.3910859,in_progress
SIM_TRACE_LOG:0,57,6.7243,2.3698,125.3572,17.33,1.60,10,0.1000,False,False,33.3957,23,17.67,1600811994.460376,in_progress
SIM_TRACE_LOG:0,58,6.6496,2.4402,131.4099,26.00,3.20,13,0.1000,False,True,33.9748,23,17.67,1600811994.5258646,in_progress
SIM_TRACE_LOG:0,59,6.5470,2.5164,139.0992,-17.33,1.60,2,0.1000,False,True,35.0232,24,17.67,1600811994.5943143,in_progress
SIM_TRACE_LOG:0,60,6.4490,2.5698,146.2125,-17.33,1.60,2,0.1000,False,True,35.9370,24,17.67,1600811994.6617768,in_progress
SIM_TRACE_LOG:0,61,6.3359,2.6227,151.4597,-17.33,1.60,2,0.5000,False,True,36.6044,24,17.67,1600811994.730836,in_progress
SIM_TRACE_LOG:0,62,6.2316,2.6694,153.9237,26.00,3.20,13,0.5000,False,True,37.2184,25,17.67,1600811994.7924116,in_progress
SIM_TRACE_LOG:0,63,6.1363,2.7098,155.6675,26.00,3.20,13,1.0000,False,True,37.7780,25,17.67,1600811994.860386,in_progress
SIM_TRACE_LOG:0,64,6.0178,2.7478,159.7812,-8.67,1.60,4,1.0000,False,True,38.4846,25,17.67,1600811994.9299939,in_progress
SIM_TRACE_LOG:0,65,5.8821,2.7773,166.3845,-17.33,1.60,2,1.0000,False,True,39.2514,26,17.67,1600811994.996327,in_progress
SIM_TRACE_LOG:0,66,5.7643,2.7968,170.6208,17.33,1.60,10,1.0000,False,True,39.9169,27,17.67,1600811995.0611644,in_progress
SIM_TRACE_LOG:0,67,5.6537,2.8096,172.3296,-26.00,1.60,0,1.0000,False,True,40.5418,28,17.67,1600811995.1310785,in_progress
SIM_TRACE_LOG:0,68,5.5422,2.8199,173.6293,-26.00,1.60,0,1.0000,False,True,41.1727,28,17.67,1600811995.1944015,in_progress
SIM_TRACE_LOG:0,69,5.4354,2.8323,173.4191,-26.00,1.60,0,0.5000,False,True,41.7764,28,17.67,1600811995.260556,in_progress
SIM_TRACE_LOG:0,70,5.3231,2.8507,171.8453,-8.67,1.60,4,0.5000,False,True,42.4110,29,17.67,1600811995.3298464,in_progress
SIM_TRACE_LOG:0,71,5.2018,2.8742,170.1975,-26.00,1.60,0,0.5000,False,True,43.0963,29,17.67,1600811995.394581,in_progress
SIM_TRACE_LOG:0,72,5.1079,2.8970,168.3618,-26.00,1.60,0,0.5000,False,True,43.6264,30,17.67,1600811995.4639618,in_progress
SIM_TRACE_LOG:0,73,5.0015,2.9311,164.8838,-26.00,1.60,0,0.1000,False,True,44.3333,31,17.67,1600811995.5323308,in_progress
SIM_TRACE_LOG:0,74,4.8984,2.9748,160.4033,-26.00,1.60,0,0.1000,False,True,45.1556,32,17.67,1600811995.5965893,in_progress
SIM_TRACE_LOG:0,75,4.8023,3.0270,155.3808,-26.00,1.60,0,0.1000,False,True,45.7638,33,17.67,1600811995.6635993,in_progress
SIM_TRACE_LOG:0,76,4.7264,3.0777,150.8774,-26.00,1.60,0,0.1000,False,True,46.2605,33,17.67,1600811995.7305543,in_progress
SIM_TRACE_LOG:0,77,4.6343,3.1537,144.6452,-17.33,1.60,2,0.1000,False,True,47.4880,33,17.67,1600811995.796038,in_progress
SIM_TRACE_LOG:0,78,4.5685,3.2205,139.5683,17.33,1.60,10,0.1000,False,False,48.0176,34,17.67,1600811995.8647587,in_progress
SIM_TRACE_LOG:0,79,4.4907,3.3090,134.7653,-26.00,1.60,0,0.1000,False,False,48.6790,34,17.67,1600811995.9315104,in_progress
SIM_TRACE_LOG:0,80,4.4284,3.3868,131.5744,26.00,1.60,12,0.1000,False,False,49.4858,34,17.67,1600811995.9970007,in_progress
SIM_TRACE_LOG:0,81,4.3580,3.4871,127.6944,-8.67,1.60,4,0.1000,False,False,50.1775,35,17.67,1600811996.0638015,in_progress
SIM_TRACE_LOG:0,82,4.3047,3.5670,125.6456,0.00,1.60,6,0.1000,False,False,50.7182,35,17.67,1600811996.130209,in_progress
SIM_TRACE_LOG:0,83,4.2478,3.6569,123.9169,17.33,3.20,11,0.1000,False,False,51.3160,36,17.67,1600811996.1952302,in_progress
SIM_TRACE_LOG:0,84,4.1869,3.7529,123.0155,26.00,3.20,13,0.0010,False,False,51.9546,36,17.67,1600811996.263377,in_progress
SIM_TRACE_LOG:0,85,4.1006,3.8780,124.3764,26.00,1.60,12,0.0010,False,False,52.8120,37,17.67,1600811996.3308518,in_progress
SIM_TRACE_LOG:0,86,4.0080,3.9874,128.5583,26.00,3.20,13,0.0010,False,False,53.6228,37,17.67,1600811996.3975306,in_progress
SIM_TRACE_LOG:0,87,3.9090,4.0842,133.4233,26.00,3.20,13,0.1000,False,False,54.4017,38,17.67,1600811996.4641035,in_progress
SIM_TRACE_LOG:0,88,3.8002,4.1713,138.9373,17.33,1.60,10,0.1000,False,False,55.1726,39,17.67,1600811996.528913,in_progress
SIM_TRACE_LOG:0,89,3.6841,4.2484,146.1001,17.33,1.60,10,0.1000,False,False,55.8420,39,17.67,1600811996.5967987,in_progress
SIM_TRACE_LOG:0,90,3.5708,4.3093,151.3997,0.00,1.60,6,0.1000,False,True,56.5305,39,17.67,1600811996.6633646,in_progress
SIM_TRACE_LOG:0,91,3.4579,4.3564,155.6662,17.33,3.20,11,0.5000,False,True,57.1594,40,17.67,1600811996.734615,in_progress
SIM_TRACE_LOG:0,92,3.3325,4.3941,160.6377,-26.00,1.60,0,0.5000,False,True,57.7622,40,17.67,1600811996.7988238,in_progress
SIM_TRACE_LOG:0,93,3.2028,4.4201,167.6060,-8.67,1.60,4,1.0000,False,True,58.3580,41,17.67,1600811996.8644607,in_progress
SIM_TRACE_LOG:0,94,3.1034,4.4330,170.8745,26.00,1.60,12,1.0000,False,True,58.8899,42,17.67,1600811996.934022,in_progress
SIM_TRACE_LOG:0,95,2.9816,4.4416,173.9665,26.00,1.60,12,1.0000,False,True,59.5570,43,17.67,1600811996.9994898,in_progress
SIM_TRACE_LOG:0,96,2.8851,4.4409,177.2960,-17.33,1.60,2,1.0000,False,True,60.1453,43,17.67,1600811997.0644817,in_progress
SIM_TRACE_LOG:0,97,2.7839,4.4344,-179.3766,-17.33,1.60,2,0.5000,False,True,60.7753,45,17.67,1600811997.134168,in_progress
SIM_TRACE_LOG:0,98,2.6544,4.4252,-177.3021,17.33,1.60,10,0.5000,False,True,61.5082,46,17.67,1600811997.2017908,in_progress
SIM_TRACE_LOG:0,99,2.5380,4.4141,-175.6299,0.00,1.60,6,0.5000,False,True,62.1675,46,17.67,1600811997.2673821,in_progress
SIM_TRACE_LOG:0,100,2.4401,4.4019,-174.2810,-17.33,1.60,2,0.5000,False,True,62.7351,46,17.67,1600811997.3325772,in_progress
SIM_TRACE_LOG:0,101,2.3249,4.3884,-173.7707,0.00,1.60,6,0.5000,False,True,63.3889,47,17.67,1600811997.399886,in_progress
SIM_TRACE_LOG:0,102,2.2230,4.3773,-173.7686,0.00,1.60,6,0.5000,False,True,63.9674,47,17.67,1600811997.4654732,in_progress
SIM_TRACE_LOG:0,103,2.0978,4.3636,-173.7382,-8.67,1.60,4,0.5000,False,True,64.6781,48,17.67,1600811997.5335588,in_progress
SIM_TRACE_LOG:0,104,1.9906,4.3537,-174.2981,-8.67,1.60,4,0.5000,False,True,65.2857,48,17.67,1600811997.6018841,in_progress
SIM_TRACE_LOG:0,105,1.8750,4.3452,-175.1847,26.00,3.20,13,0.5000,False,True,65.9408,48,17.67,1600811997.6725464,in_progress
SIM_TRACE_LOG:0,106,1.7590,4.3352,-175.0026,26.00,1.60,12,0.5000,False,True,66.5986,49,17.67,1600811997.736046,in_progress
SIM_TRACE_LOG:0,107,1.6460,4.3188,-173.2441,26.00,1.60,12,0.5000,False,True,67.3446,49,17.67,1600811997.805743,in_progress
SIM_TRACE_LOG:0,108,1.5347,4.2953,-170.4734,26.00,1.60,12,0.5000,False,True,67.9871,49,17.67,1600811997.870916,in_progress
SIM_TRACE_LOG:0,109,1.4245,4.2632,-166.6745,26.00,1.60,12,0.1000,False,True,68.6313,50,17.67,1600811997.9366663,in_progress
SIM_TRACE_LOG:0,110,1.3264,4.2250,-162.3617,26.00,3.20,13,0.1000,False,True,69.2124,50,17.67,1600811998.005088,in_progress
SIM_TRACE_LOG:0,111,1.2213,4.1728,-157.0353,26.00,3.20,13,0.1000,False,True,70.7823,51,17.67,1600811998.0711386,in_progress
SIM_TRACE_LOG:0,112,1.1140,4.1022,-150.2726,17.33,1.60,10,0.1000,False,True,71.4606,51,17.67,1600811998.1378212,in_progress
SIM_TRACE_LOG:0,113,1.0104,4.0167,-141.5463,26.00,3.20,13,0.5000,False,True,72.1956,51,17.67,1600811998.2060864,in_progress
SIM_TRACE_LOG:0,114,0.9267,3.9279,-135.9050,26.00,1.60,12,0.5000,False,True,72.8802,52,17.67,1600811998.2707543,in_progress
SIM_TRACE_LOG:0,115,0.8521,3.8299,-128.9152,17.33,1.60,10,0.5000,False,True,73.5766,52,17.67,1600811998.3369853,in_progress
SIM_TRACE_LOG:0,116,0.7884,3.7263,-122.4908,26.00,1.60,12,0.5000,False,True,74.5224,52,17.67,1600811998.4052205,in_progress
SIM_TRACE_LOG:0,117,0.7394,3.6215,-118.2246,26.00,1.60,12,1.0000,False,True,75.1359,53,17.67,1600811998.4701316,in_progress
SIM_TRACE_LOG:0,118,0.7040,3.5252,-113.8824,0.00,1.60,6,1.0000,False,True,75.6881,53,17.67,1600811998.5384727,in_progress
SIM_TRACE_LOG:0,119,0.6793,3.4334,-109.3952,17.33,1.60,10,1.0000,False,True,76.1683,53,17.67,1600811998.6070914,in_progress
SIM_TRACE_LOG:0,120,0.6593,3.3120,-103.2720,0.00,1.60,6,0.5000,False,True,76.8180,53,17.67,1600811998.672577,in_progress
SIM_TRACE_LOG:0,121,0.6537,3.2119,-97.9595,26.00,3.20,13,0.5000,False,True,77.3666,53,17.67,1600811998.7402291,in_progress
SIM_TRACE_LOG:0,122,0.6588,3.0834,-91.3003,0.00,1.60,6,0.5000,False,True,78.0840,54,17.67,1600811998.8085496,in_progress
SIM_TRACE_LOG:0,123,0.6787,2.9649,-84.1996,0.00,1.60,6,0.5000,False,True,78.7638,54,17.67,1600811998.872567,in_progress
SIM_TRACE_LOG:0,124,0.7039,2.8689,-79.5802,0.00,1.60,6,0.5000,False,True,79.3247,54,17.67,1600811998.9411128,in_progress
SIM_TRACE_LOG:0,125,0.7384,2.7618,-75.3864,-17.33,1.60,2,0.5000,False,True,79.9576,54,17.67,1600811999.006773,in_progress
SIM_TRACE_LOG:0,126,0.7785,2.6473,-72.6951,-17.33,1.60,2,0.5000,False,True,80.6380,55,17.67,1600811999.074835,in_progress
SIM_TRACE_LOG:0,127,0.8122,2.5491,-71.8440,-26.00,1.60,0,0.5000,False,True,81.2208,56,17.67,1600811999.1386552,in_progress
SIM_TRACE_LOG:0,128,0.8463,2.4403,-72.3506,-26.00,1.60,0,0.5000,False,True,81.8631,57,17.67,1600811999.2056963,in_progress
SIM_TRACE_LOG:0,129,0.8712,2.3433,-74.0947,0.00,1.60,6,0.5000,False,True,82.4290,57,17.67,1600811999.271552,in_progress
SIM_TRACE_LOG:0,130,0.8953,2.2360,-75.8745,26.00,3.20,13,0.5000,False,True,83.0516,57,17.67,1600811999.339922,in_progress
SIM_TRACE_LOG:0,131,0.9248,2.1075,-76.5380,26.00,3.20,13,0.5000,False,True,83.7974,58,17.67,1600811999.4084256,in_progress
SIM_TRACE_LOG:0,132,0.9614,1.9819,-74.6193,26.00,3.20,13,0.5000,False,True,84.5351,58,17.67,1600811999.4722624,in_progress
SIM_TRACE_LOG:0,133,1.0063,1.8637,-71.1439,26.00,3.20,13,1.0000,False,True,85.2415,59,17.67,1600811999.5444024,in_progress
SIM_TRACE_LOG:0,134,1.0767,1.7180,-65.7817,26.00,3.20,13,1.0000,False,True,86.1297,60,17.67,1600811999.6121225,in_progress
SIM_TRACE_LOG:0,135,1.1798,1.5493,-58.9016,26.00,3.20,13,1.0000,False,True,87.1968,60,17.67,1600811999.67685,in_progress
SIM_TRACE_LOG:0,136,1.2856,1.4075,-52.5580,26.00,3.20,13,0.5000,False,True,88.1218,61,17.67,1600811999.7444181,in_progress
SIM_TRACE_LOG:0,137,1.4105,1.2649,-45.9362,26.00,3.20,13,0.1000,False,True,89.0771,61,17.67,1600811999.8103375,in_progress
SIM_TRACE_LOG:0,138,1.5487,1.1281,-40.6306,26.00,1.60,12,0.1000,False,False,90.7774,64,17.67,1600811999.8772326,in_progress
SIM_TRACE_LOG:0,139,1.7153,0.9834,-33.9310,26.00,1.60,12,0.1000,False,False,92.8788,67,17.67,1600811999.9453325,in_progress
SIM_TRACE_LOG:0,140,1.8426,0.8840,-29.0987,26.00,3.20,13,0.1000,False,True,93.7150,68,17.67,1600812000.0119019,in_progress
SIM_TRACE_LOG:0,141,1.9914,0.7856,-24.2445,-17.33,1.60,2,0.5000,False,True,94.6679,68,17.67,1600812000.0772142,in_progress
SIM_TRACE_LOG:0,142,2.1266,0.7107,-18.4695,-8.67,1.60,4,1.0000,False,True,95.5669,68,17.67,1600812000.1472507,in_progress
SIM_TRACE_LOG:0,143,2.2632,0.6460,-13.5456,17.33,1.60,10,1.0000,False,True,96.3399,68,17.67,1600812000.2135444,in_progress
SIM_TRACE_LOG:0,144,2.3619,0.6072,-10.5832,17.33,1.60,10,0.5000,False,True,96.8981,68,17.67,1600812000.27511,in_progress
SIM_TRACE_LOG:0,145,2.4810,0.5722,-9.1839,17.33,1.60,10,0.5000,False,True,97.5720,69,17.67,1600812000.3444045,in_progress
SIM_TRACE_LOG:0,146,2.5903,0.5527,-9.3232,17.33,1.60,10,0.5000,False,True,98.1907,69,17.67,1600812000.410824,in_progress
SIM_TRACE_LOG:0,147,2.7014,0.5406,-7.8572,17.33,1.60,10,0.5000,False,True,98.8192,69,17.67,1600812000.4788835,in_progress
SIM_TRACE_LOG:0,148,2.8235,0.5360,-4.4390,17.33,1.60,10,0.5000,False,True,99.5104,69,17.67,1600812000.5459316,in_progress
SIM_TRACE_LOG:0,149,2.9308,0.5410,-0.4923,0.00,1.60,6,0.5000,True,True,100.0000,0,17.67,1600812000.6131532,lap_complete
[s3] Successfully uploaded metrics to                  s3 bucket aws-deepracer-data-us-east-1-1 with s3 key data-4911253a-c01f-4c71-a54c-19b96a9d885b/models/ArtificialRacers-S3p2T26D-5b/metrics/evaluation/evaluation-20200922215707-Un7TY69dRfSj9PeYJ9zfcg.json.
Testing - Name: main_level/agent Worker: 0 Episode: 0 Total reward: 79.6 Steps: 0 Training iteration: 0 
agent: Finished evaluation phase. Success rate = 0.0, Avg Total Reward = 79.6
agent: Starting evaluation phase
Reset agent
SIM_TRACE_LOG:1,1,2.5593,0.6831,-0.0045,-26.00,1.60,0,1.0000,False,True,-1.9843,69,17.67,1600812001.4001665,in_progress
SIM_TRACE_LOG:1,2,2.5615,0.6831,-0.0213,-17.33,1.60,2,1.0000,False,True,-1.9723,69,17.67,1600812001.4201744,in_progress
SIM_TRACE_LOG:1,3,2.5649,0.6831,-0.0472,-17.33,1.60,2,1.0000,False,True,-1.9530,69,17.67,1600812001.4816084,in_progress
SIM_TRACE_LOG:1,4,2.5840,0.6826,-0.2394,-17.33,1.60,2,1.0000,False,True,-1.8447,69,17.67,1600812001.5485275,in_progress
SIM_TRACE_LOG:1,5,2.6183,0.6808,-0.8268,0.00,3.20,7,1.0000,False,True,-1.6504,69,17.67,1600812001.616048,in_progress
SIM_TRACE_LOG:1,6,2.6750,0.6773,-1.7595,0.00,3.20,7,1.0000,False,True,-1.3300,69,17.67,1600812001.6832538,in_progress
SIM_TRACE_LOG:1,7,2.7357,0.6731,-2.5505,26.00,1.60,12,1.0000,False,True,-0.9866,69,17.67,1600812001.753916,in_progress
SIM_TRACE_LOG:1,8,2.8243,0.6693,-2.5482,17.33,1.60,10,1.0000,False,True,-0.4851,69,17.67,1600812001.8293371,in_progress
SIM_TRACE_LOG:1,9,2.9032,0.6676,-1.9968,26.00,3.20,13,1.0000,False,True,-0.0386,70,17.67,1600812001.904712,in_progress
SIM_TRACE_LOG:1,10,3.0336,0.6696,-0.0246,0.00,3.20,7,1.0000,False,True,0.6994,0,17.67,1600812001.996778,in_progress
SIM_TRACE_LOG:1,11,3.1764,0.6805,2.8787,-26.00,1.60,0,1.0000,False,True,1.5075,1,17.67,1600812002.0724509,in_progress
SIM_TRACE_LOG:1,12,3.3124,0.6918,4.9711,0.00,1.60,6,1.0000,False,True,2.2771,1,17.67,1600812002.1309264,in_progress
SIM_TRACE_LOG:1,13,3.4590,0.7052,5.1212,17.33,1.60,10,1.0000,False,True,3.1070,2,17.67,1600812002.2447934,in_progress
SIM_TRACE_LOG:1,14,3.6083,0.7254,7.0547,17.33,1.60,10,1.0000,False,True,3.9515,3,17.67,1600812002.2735353,in_progress
SIM_TRACE_LOG:1,15,3.6083,0.7254,7.0547,0.00,1.60,6,1.0000,False,True,3.9515,3,17.67,1600812002.3438084,in_progress
SIM_TRACE_LOG:1,16,3.7034,0.7426,8.6449,-17.33,1.60,2,1.0000,False,True,4.4898,3,17.67,1600812002.4027555,in_progress
SIM_TRACE_LOG:1,17,3.8539,0.7684,9.2704,-17.33,1.60,2,0.5000,False,True,5.3416,3,17.67,1600812002.4586577,in_progress
SIM_TRACE_LOG:1,18,3.9586,0.7826,8.4034,-17.33,1.60,2,0.5000,False,True,5.9342,4,17.67,1600812002.524304,in_progress
SIM_TRACE_LOG:1,19,4.0817,0.7944,6.5824,-17.33,1.60,2,0.5000,False,True,6.6307,4,17.67,1600812002.5950153,in_progress
SIM_TRACE_LOG:1,20,4.1828,0.7993,4.5580,-17.33,1.60,2,0.5000,False,True,7.2025,4,17.67,1600812002.658372,in_progress
SIM_TRACE_LOG:1,21,4.2948,0.7989,1.8155,-17.33,1.60,2,0.5000,False,True,7.8366,4,17.67,1600812002.7230158,in_progress
SIM_TRACE_LOG:1,22,4.4110,0.7912,-1.5095,0.00,1.60,6,0.5000,False,True,8.4940,5,17.67,1600812002.7896903,in_progress
SIM_TRACE_LOG:1,23,4.5046,0.7820,-3.5323,17.33,1.60,10,0.5000,False,True,9.0238,5,17.67,1600812002.8545277,in_progress
SIM_TRACE_LOG:1,24,4.6192,0.7699,-4.9146,-17.33,1.60,2,0.5000,False,True,9.6719,6,17.67,1600812002.9248242,in_progress
SIM_TRACE_LOG:1,25,4.7241,0.7577,-5.8096,-17.33,1.60,2,0.5000,False,True,10.2657,6,17.67,1600812002.9985049,in_progress
SIM_TRACE_LOG:1,26,4.8642,0.7352,-8.0354,26.00,1.60,12,1.0000,False,True,11.0583,6,17.67,1600812003.0617485,in_progress
SIM_TRACE_LOG:1,27,4.9678,0.7161,-9.2697,0.00,3.20,7,1.0000,False,True,11.6446,7,17.67,1600812003.1278303,in_progress
SIM_TRACE_LOG:1,28,5.0900,0.6937,-9.9614,17.33,1.60,10,1.0000,False,True,12.3362,7,17.67,1600812003.1958828,in_progress
SIM_TRACE_LOG:1,29,5.1985,0.6748,-10.3188,17.33,1.60,10,1.0000,False,True,12.9500,7,17.67,1600812003.2653136,in_progress
SIM_TRACE_LOG:1,30,5.2816,0.6617,-9.7821,17.33,1.60,10,1.0000,False,True,13.4205,7,17.67,1600812003.3309574,in_progress
SIM_TRACE_LOG:1,31,5.3958,0.6474,-8.3783,17.33,1.60,10,1.0000,False,True,14.0665,8,17.67,1600812003.401289,in_progress
SIM_TRACE_LOG:1,32,5.5294,0.6370,-5.9827,17.33,1.60,10,1.0000,False,True,14.8228,8,17.67,1600812003.4643617,in_progress
SIM_TRACE_LOG:1,33,5.6432,0.6347,-3.3885,17.33,1.60,10,1.0000,False,True,15.4666,9,17.67,1600812003.5313516,in_progress
SIM_TRACE_LOG:1,34,5.7419,0.6381,-0.7366,17.33,1.60,10,1.0000,False,True,16.0249,9,17.67,1600812003.6008425,in_progress
SIM_TRACE_LOG:1,35,5.8828,0.6528,3.6389,17.33,3.20,11,1.0000,False,True,16.8193,9,17.67,1600812003.6692271,in_progress
SIM_TRACE_LOG:1,36,5.9840,0.6712,7.3262,17.33,3.20,11,1.0000,False,True,17.3937,9,17.67,1600812003.7310927,in_progress
SIM_TRACE_LOG:1,37,6.1392,0.7169,14.1246,17.33,1.60,10,1.0000,False,True,18.2759,10,17.67,1600812003.7967136,in_progress
SIM_TRACE_LOG:1,38,6.2378,0.7565,19.8584,17.33,1.60,10,0.5000,False,True,18.8373,10,17.67,1600812003.8608716,in_progress
SIM_TRACE_LOG:1,39,6.3568,0.8179,26.8327,17.33,1.60,10,0.5000,False,True,19.5859,10,17.67,1600812003.938858,in_progress
SIM_TRACE_LOG:1,40,6.4817,0.9035,32.4382,17.33,1.60,10,0.1000,False,True,20.6300,12,17.67,1600812003.9939883,in_progress
SIM_TRACE_LOG:1,41,6.5371,0.9484,35.0729,17.33,1.60,10,0.1000,False,True,21.0163,13,17.67,1600812004.0681508,in_progress
SIM_TRACE_LOG:1,42,6.6224,1.0282,39.7861,17.33,1.60,10,0.1000,False,False,21.8602,13,17.67,1600812004.1314197,in_progress
SIM_TRACE_LOG:1,43,6.6859,1.0990,43.9875,17.33,1.60,10,0.1000,False,False,22.5552,14,17.67,1600812004.2011104,in_progress
SIM_TRACE_LOG:1,44,6.7550,1.1916,49.4269,17.33,1.60,10,0.1000,False,False,23.1880,15,17.67,1600812004.2654943,in_progress
SIM_TRACE_LOG:1,45,6.8097,1.2821,54.5980,17.33,1.60,10,0.0010,False,False,24.2058,16,17.67,1600812004.3296914,in_progress
SIM_TRACE_LOG:1,46,6.8536,1.3728,59.6612,26.00,1.60,12,0.0010,False,False,25.0310,16,17.67,1600812004.399583,in_progress
SIM_TRACE_LOG:1,47,6.8941,1.4837,65.7393,26.00,1.60,12,0.0010,False,False,26.2110,17,17.67,1600812004.4629698,in_progress
SIM_TRACE_LOG:1,48,6.9193,1.5842,71.2229,26.00,1.60,12,0.0010,False,False,26.7971,18,17.67,1600812004.5278487,in_progress
SIM_TRACE_LOG:1,49,6.9343,1.6850,76.7148,26.00,1.60,12,0.0010,False,False,27.3722,18,17.67,1600812004.5951602,in_progress
SIM_TRACE_LOG:1,50,6.9394,1.7820,82.0179,26.00,1.60,12,0.0010,False,False,29.0167,20,17.67,1600812004.6618297,in_progress
SIM_TRACE_LOG:1,51,6.9344,1.8885,87.9054,26.00,1.60,12,0.0010,False,False,29.5924,20,17.67,1600812004.7304363,in_progress
SIM_TRACE_LOG:1,52,6.9165,2.0017,94.3237,26.00,1.60,12,0.1000,False,False,30.2284,21,17.67,1600812004.7965643,in_progress
SIM_TRACE_LOG:1,53,6.8879,2.1059,100.4602,26.00,3.20,13,0.1000,False,False,30.8376,21,17.67,1600812004.8642623,in_progress
SIM_TRACE_LOG:1,54,6.8457,2.2118,107.0406,26.00,3.20,13,0.1000,False,False,31.9616,22,17.67,1600812004.932143,in_progress
SIM_TRACE_LOG:1,55,6.7889,2.3151,114.1848,26.00,3.20,13,0.1000,False,False,32.9169,22,17.67,1600812004.9961083,in_progress
SIM_TRACE_LOG:1,56,6.7167,2.4172,121.8148,-26.00,1.60,0,0.1000,False,True,33.5971,23,17.67,1600812005.0641272,in_progress
SIM_TRACE_LOG:1,57,6.6144,2.5350,132.3388,0.00,1.60,6,0.5000,False,True,34.7114,23,17.67,1600812005.1311703,in_progress
SIM_TRACE_LOG:1,58,6.5389,2.6071,138.5791,26.00,1.60,12,0.5000,False,True,35.2627,24,17.67,1600812005.1982417,in_progress
SIM_TRACE_LOG:1,59,6.4406,2.6834,143.6035,26.00,1.60,12,1.0000,False,True,36.0501,24,17.67,1600812005.2658803,in_progress
SIM_TRACE_LOG:1,60,6.3388,2.7455,146.7159,17.33,3.20,11,1.0000,False,True,36.6584,24,17.67,1600812005.3318162,in_progress
SIM_TRACE_LOG:1,61,6.2327,2.7984,150.8848,17.33,3.20,11,1.0000,False,True,37.2866,25,17.67,1600812005.3982482,in_progress
SIM_TRACE_LOG:1,62,6.1187,2.8408,156.3839,26.00,3.20,13,0.5000,False,True,37.9523,25,17.67,1600812005.4663332,in_progress
SIM_TRACE_LOG:1,63,5.9815,2.8756,163.4734,17.33,1.60,10,0.5000,False,True,38.6842,26,17.67,1600812005.53334,in_progress
SIM_TRACE_LOG:1,64,5.8385,2.8974,172.8885,0.00,1.60,6,0.5000,False,True,39.4921,26,17.67,1600812005.6008074,in_progress
SIM_TRACE_LOG:1,65,5.7041,2.9051,-179.8609,0.00,1.60,6,0.5000,False,True,40.2521,27,17.67,1600812005.6663914,in_progress
SIM_TRACE_LOG:1,66,5.5880,2.8995,-175.3621,-26.00,1.60,0,0.5000,False,True,40.9093,28,17.67,1600812005.7342942,in_progress
SIM_TRACE_LOG:1,67,5.4697,2.8810,-172.6788,-26.00,1.60,0,0.5000,False,True,41.5796,28,17.67,1600812005.7984848,in_progress
SIM_TRACE_LOG:1,68,5.3592,2.8621,-171.3881,-17.33,1.60,2,0.5000,False,True,42.2061,29,17.67,1600812005.8651924,in_progress
SIM_TRACE_LOG:1,69,5.2482,2.8431,-170.8041,-17.33,1.60,2,0.5000,False,True,42.8348,29,17.67,1600812005.9331,in_progress
SIM_TRACE_LOG:1,70,5.1471,2.8261,-170.6408,-26.00,1.60,0,1.0000,False,True,43.4077,29,17.67,1600812005.9998114,in_progress
SIM_TRACE_LOG:1,71,5.0226,2.8105,-172.1186,-26.00,3.20,1,1.0000,False,True,44.1382,31,17.67,1600812006.0654085,in_progress
SIM_TRACE_LOG:1,72,4.9088,2.8052,-175.2157,-26.00,1.60,0,1.0000,False,True,44.8050,32,17.67,1600812006.1335967,in_progress
SIM_TRACE_LOG:1,73,4.7946,2.8118,-179.7388,-26.00,1.60,0,1.0000,False,True,45.4316,32,17.67,1600812006.1984446,in_progress
SIM_TRACE_LOG:1,74,4.6873,2.8281,175.3111,-17.33,1.60,2,1.0000,False,True,46.0376,33,17.67,1600812006.2684057,in_progress
SIM_TRACE_LOG:1,75,4.5770,2.8546,170.2271,-17.33,1.60,2,1.0000,False,True,46.6778,33,17.67,1600812006.3772297,in_progress
SIM_TRACE_LOG:1,76,4.4158,2.9139,162.2683,-26.00,1.60,0,0.5000,False,True,47.5126,33,17.67,1600812006.401693,in_progress
SIM_TRACE_LOG:1,77,4.3854,2.9281,160.7160,-26.00,1.60,0,0.5000,False,True,47.6946,33,17.67,1600812006.471753,in_progress
SIM_TRACE_LOG:1,78,4.2874,2.9823,155.1840,-26.00,1.60,0,0.5000,False,True,48.3129,34,17.67,1600812006.5387626,in_progress
SIM_TRACE_LOG:1,79,4.1937,3.0485,149.1334,-8.67,3.20,5,0.5000,False,True,48.9584,34,17.67,1600812006.6048205,in_progress
SIM_TRACE_LOG:1,80,4.1252,3.1074,144.2455,-26.00,3.20,1,0.5000,False,True,49.3442,34,17.67,1600812006.674538,in_progress
SIM_TRACE_LOG:1,81,4.0291,3.2115,136.3086,-26.00,1.60,0,0.5000,False,True,50.1445,35,17.67,1600812006.737965,in_progress
SIM_TRACE_LOG:1,82,3.9521,3.3175,127.6176,-8.67,1.60,4,0.5000,False,True,50.8848,35,17.67,1600812006.8071864,in_progress
SIM_TRACE_LOG:1,83,3.8946,3.4190,121.5671,0.00,1.60,6,0.5000,False,True,51.5354,36,17.67,1600812006.8738937,in_progress
SIM_TRACE_LOG:1,84,3.8481,3.5266,116.7388,0.00,1.60,6,0.5000,False,True,52.1736,36,17.67,1600812006.9390056,in_progress
SIM_TRACE_LOG:1,85,3.8164,3.6185,112.7706,17.33,1.60,10,1.0000,False,True,52.6898,37,17.67,1600812007.0110097,in_progress
SIM_TRACE_LOG:1,86,3.7831,3.7266,109.6283,26.00,1.60,12,1.0000,False,True,53.2834,37,17.67,1600812007.0836735,in_progress
SIM_TRACE_LOG:1,87,3.7423,3.8505,108.8687,17.33,1.60,10,1.0000,False,True,53.9725,38,17.67,1600812007.146233,in_progress
SIM_TRACE_LOG:1,88,3.7106,3.9409,109.1077,17.33,3.20,11,0.5000,False,True,54.4825,38,17.67,1600812007.2290328,in_progress
SIM_TRACE_LOG:1,89,3.6585,4.0766,110.5394,17.33,1.60,10,0.5000,False,True,55.2636,39,17.67,1600812007.2791164,in_progress
SIM_TRACE_LOG:1,90,3.6159,4.1698,113.2379,26.00,1.60,12,0.5000,False,True,55.7772,39,17.67,1600812007.3484151,in_progress
SIM_TRACE_LOG:1,91,3.5642,4.2621,116.6543,26.00,1.60,12,0.1000,False,True,56.3596,39,17.67,1600812007.4157224,in_progress
SIM_TRACE_LOG:1,92,3.4930,4.3673,121.2290,26.00,1.60,12,0.1000,False,True,57.0701,40,17.67,1600812007.4771385,in_progress
SIM_TRACE_LOG:1,93,3.4231,4.4528,125.7739,26.00,1.60,12,0.1000,False,True,57.6936,40,17.67,1600812007.5466008,in_progress
SIM_TRACE_LOG:1,94,3.3414,4.5352,131.0543,26.00,3.20,13,0.1000,False,True,58.0476,41,17.67,1600812007.6138015,in_progress
SIM_TRACE_LOG:1,95,3.2661,4.5986,135.7380,26.00,1.60,12,0.1000,False,True,58.5106,41,17.67,1600812007.6767693,in_progress
SIM_TRACE_LOG:1,96,3.1698,4.6639,142.0614,17.33,1.60,10,0.1000,False,False,58.9608,42,17.67,1600812007.745443,in_progress
SIM_TRACE_LOG:1,97,3.0703,4.7178,147.4274,17.33,1.60,10,0.1000,False,False,59.5920,43,17.67,1600812007.8109837,in_progress
SIM_TRACE_LOG:1,98,2.9748,4.7589,152.3591,26.00,1.60,12,0.1000,False,False,59.8322,43,17.67,1600812007.8759823,in_progress
SIM_TRACE_LOG:1,99,2.8881,4.7877,156.9079,8.67,3.20,9,0.1000,False,False,60.3373,44,17.67,1600812007.9478936,in_progress
SIM_TRACE_LOG:1,100,2.7628,4.8156,163.6366,26.00,3.20,13,0.0010,False,False,60.8869,45,17.67,1600812008.0119693,in_progress
SIM_TRACE_LOG:1,101,2.6252,4.8273,171.8694,26.00,3.20,13,0.0010,False,False,61.6653,46,17.67,1600812008.0783765,in_progress
SIM_TRACE_LOG:1,102,2.4962,4.8231,-179.7988,17.33,3.20,11,0.0010,False,False,62.3788,46,17.67,1600812008.1470616,in_progress
SIM_TRACE_LOG:1,103,2.3532,4.8033,-170.0218,0.00,1.60,6,0.1000,False,False,63.1607,47,17.67,1600812008.2112317,in_progress
SIM_TRACE_LOG:1,104,2.2084,4.7703,-158.7530,0.00,1.60,6,0.1000,False,False,63.9855,47,17.67,1600812008.2831128,in_progress
SIM_TRACE_LOG:1,105,2.0670,4.7257,-148.9580,0.00,1.60,6,0.1000,False,False,64.7927,48,17.67,1600812008.3479278,in_progress
SIM_TRACE_LOG:1,106,1.9529,4.6774,-143.2823,0.00,1.60,6,0.1000,False,False,65.4461,48,17.67,1600812008.4134479,in_progress
SIM_TRACE_LOG:1,107,1.8464,4.6179,-140.6015,-17.33,1.60,2,0.5000,False,True,66.0582,49,17.67,1600812008.4843488,in_progress
SIM_TRACE_LOG:1,108,1.7623,4.5577,-139.9403,-17.33,1.60,2,0.5000,False,True,66.5438,49,17.67,1600812008.54985,in_progress
SIM_TRACE_LOG:1,109,1.6762,4.4835,-139.3628,-17.33,1.60,2,1.0000,False,True,67.0338,49,17.67,1600812008.6162918,in_progress
SIM_TRACE_LOG:1,110,1.5963,4.4132,-139.0095,0.00,1.60,6,1.0000,False,True,67.5411,49,17.67,1600812008.6876125,in_progress
SIM_TRACE_LOG:1,111,1.4915,4.3227,-139.1274,-17.33,1.60,2,0.5000,False,True,68.2049,49,17.67,1600812008.7502198,in_progress
SIM_TRACE_LOG:1,112,1.4077,4.2517,-139.4903,26.00,3.20,13,0.1000,False,True,68.7352,50,17.67,1600812008.830912,in_progress
SIM_TRACE_LOG:1,113,1.3011,4.1618,-139.5839,26.00,3.20,13,0.1000,False,False,69.4085,50,17.67,1600812008.8852537,in_progress
SIM_TRACE_LOG:1,114,1.2265,4.0909,-137.8405,26.00,1.60,12,0.1000,False,False,71.1416,51,17.67,1600812008.9530494,in_progress
SIM_TRACE_LOG:1,115,1.1406,3.9959,-133.7630,26.00,1.60,12,0.1000,False,False,71.8616,51,17.67,1600812009.018742,in_progress
SIM_TRACE_LOG:1,116,1.0668,3.8960,-129.2211,26.00,3.20,13,0.1000,False,False,72.5642,52,17.67,1600812009.0874915,in_progress
SIM_TRACE_LOG:1,117,0.9977,3.7808,-123.7300,26.00,3.20,13,0.1000,False,False,73.3220,52,17.67,1600812009.1506376,in_progress
SIM_TRACE_LOG:1,118,0.9386,3.6497,-116.5767,17.33,1.60,10,0.1000,False,False,74.8852,53,17.67,1600812009.2183626,in_progress
SIM_TRACE_LOG:1,119,0.8965,3.5244,-108.3778,-26.00,1.60,0,0.1000,False,True,75.9138,53,17.67,1600812009.2859015,in_progress
SIM_TRACE_LOG:1,120,0.8702,3.4097,-101.5994,-17.33,1.60,2,0.5000,False,True,76.5187,53,17.67,1600812009.3503904,in_progress
SIM_TRACE_LOG:1,121,0.8570,3.3044,-96.6758,-17.33,1.60,2,0.5000,False,True,77.0872,53,17.67,1600812009.4201806,in_progress
SIM_TRACE_LOG:1,122,0.8489,3.1738,-93.8676,-26.00,1.60,0,0.5000,False,True,77.8017,53,17.67,1600812009.4879951,in_progress
SIM_TRACE_LOG:1,123,0.8404,3.0522,-94.0342,-17.33,1.60,2,1.0000,False,True,78.4654,54,17.67,1600812009.5540333,in_progress
SIM_TRACE_LOG:1,124,0.8308,2.9494,-94.6884,-8.67,1.60,4,1.0000,False,True,79.0241,54,17.67,1600812009.6173706,in_progress
SIM_TRACE_LOG:1,125,0.8206,2.8500,-95.3487,26.00,3.20,13,1.0000,False,True,79.5634,54,17.67,1600812009.7460365,in_progress
SIM_TRACE_LOG:1,126,0.8062,2.5891,-92.4745,0.00,1.60,6,0.5000,False,True,80.9923,55,17.67,1600812009.7655835,in_progress
SIM_TRACE_LOG:1,127,0.8068,2.5458,-91.3097,17.33,3.20,11,0.5000,False,True,81.2329,56,17.67,1600812009.8196862,in_progress
SIM_TRACE_LOG:1,128,0.8097,2.4697,-89.5391,17.33,3.20,11,0.5000,False,True,81.6579,56,17.67,1600812009.8878348,in_progress
SIM_TRACE_LOG:1,129,0.8308,2.2947,-84.3732,0.00,1.60,6,0.5000,False,True,82.6522,57,17.67,1600812009.9513912,in_progress
SIM_TRACE_LOG:1,130,0.8612,2.1520,-78.6478,-17.33,1.60,2,0.5000,False,True,83.4775,58,17.67,1600812010.0278556,in_progress
SIM_TRACE_LOG:1,131,0.9056,1.9941,-73.7264,26.00,3.20,13,0.5000,False,True,84.4032,58,17.67,1600812010.0900888,in_progress
SIM_TRACE_LOG:1,132,0.9482,1.8706,-71.7367,26.00,3.20,13,0.5000,False,True,85.1368,59,17.67,1600812010.1585793,in_progress
SIM_TRACE_LOG:1,133,1.0181,1.7140,-67.1916,26.00,3.20,13,0.5000,False,True,86.0847,60,17.67,1600812010.225751,in_progress
SIM_TRACE_LOG:1,134,1.1017,1.5662,-61.8083,26.00,3.20,13,1.0000,False,True,86.9958,60,17.67,1600812010.2925913,in_progress
SIM_TRACE_LOG:1,135,1.1972,1.4266,-56.0640,26.00,3.20,13,1.0000,False,True,87.8945,61,17.67,1600812010.359469,in_progress
SIM_TRACE_LOG:1,136,1.3315,1.2630,-49.3687,17.33,1.60,10,0.5000,False,True,88.9780,61,17.67,1600812010.4240904,in_progress
SIM_TRACE_LOG:1,137,1.4522,1.1371,-43.3340,26.00,1.60,12,0.1000,False,True,90.3788,64,17.67,1600812010.4910138,in_progress
SIM_TRACE_LOG:1,138,1.5762,1.0218,-36.9731,26.00,1.60,12,0.1000,False,True,91.4123,66,17.67,1600812010.556545,in_progress
SIM_TRACE_LOG:1,139,1.6897,0.9275,-31.2722,-17.33,1.60,2,0.1000,False,True,92.8162,67,17.67,1600812010.6235723,in_progress
SIM_TRACE_LOG:1,140,1.8270,0.8284,-24.9619,26.00,1.60,12,0.5000,False,True,93.7064,68,17.67,1600812010.689221,in_progress
SIM_TRACE_LOG:1,141,1.8994,0.7845,-22.2516,0.00,3.20,7,0.5000,False,True,94.1645,68,17.67,1600812010.7590353,in_progress
SIM_TRACE_LOG:1,142,2.0344,0.7214,-19.7704,-8.67,1.60,4,1.0000,False,True,94.9926,68,17.67,1600812010.824959,in_progress
SIM_TRACE_LOG:1,143,2.1292,0.6898,-17.4853,17.33,1.60,10,1.0000,False,True,95.5814,68,17.67,1600812010.8915057,in_progress
SIM_TRACE_LOG:1,144,2.2265,0.6667,-15.2787,-17.33,1.60,2,1.0000,False,True,96.1323,68,17.67,1600812010.9571698,in_progress
SIM_TRACE_LOG:1,145,2.3510,0.6448,-12.0553,17.33,1.60,10,1.0000,False,True,96.8369,68,17.67,1600812011.02246,in_progress
SIM_TRACE_LOG:1,146,2.4839,0.6262,-9.4117,-8.67,1.60,4,1.0000,False,True,97.5887,69,17.67,1600812011.092652,in_progress
SIM_TRACE_LOG:1,147,2.6040,0.6131,-7.6077,0.00,1.60,6,0.5000,False,True,98.2685,69,17.67,1600812011.1585689,in_progress
SIM_TRACE_LOG:1,148,2.7019,0.6043,-6.3324,0.00,1.60,6,0.5000,False,True,98.8221,69,17.67,1600812011.2269225,in_progress
SIM_TRACE_LOG:1,149,2.8268,0.5949,-5.1253,0.00,1.60,6,0.5000,False,True,99.5288,69,17.67,1600812011.2937415,in_progress
SIM_TRACE_LOG:1,150,2.9331,0.5880,-4.3835,0.00,1.60,6,0.5000,True,True,100.0000,0,17.67,1600812011.3597448,lap_complete
[s3] Successfully uploaded metrics to                  s3 bucket aws-deepracer-data-us-east-1-1 with s3 key data-4911253a-c01f-4c71-a54c-19b96a9d885b/models/ArtificialRacers-S3p2T26D-5b/metrics/evaluation/evaluation-20200922215707-Un7TY69dRfSj9PeYJ9zfcg.json.
Testing - Name: main_level/agent Worker: 0 Episode: 0 Total reward: 82.41 Steps: 0 Training iteration: 0 
agent: Finished evaluation phase. Success rate = 0.0, Avg Total Reward = 82.41
agent: Starting evaluation phase
Reset agent
SIM_TRACE_LOG:2,1,2.5498,0.6830,0.0116,0.00,1.60,6,1.0000,False,True,-2.0384,69,17.67,1600812012.0336566,in_progress
SIM_TRACE_LOG:2,2,2.5505,0.6831,0.0442,-17.33,1.60,2,1.0000,False,True,-2.0345,69,17.67,1600812012.0934145,in_progress
SIM_TRACE_LOG:2,3,2.5576,0.6829,-0.0332,-17.33,1.60,2,1.0000,False,True,-1.9943,69,17.67,1600812012.1619356,in_progress
SIM_TRACE_LOG:2,4,2.5830,0.6816,-0.5051,0.00,3.20,7,1.0000,False,True,-1.8507,69,17.67,1600812012.2296882,in_progress
SIM_TRACE_LOG:2,5,2.6228,0.6793,-1.1732,0.00,3.20,7,1.0000,False,True,-1.6252,69,17.67,1600812012.2938557,in_progress
SIM_TRACE_LOG:2,6,2.6725,0.6765,-1.7979,0.00,3.20,7,1.0000,False,True,-1.3442,69,17.67,1600812012.3614714,in_progress
SIM_TRACE_LOG:2,7,2.7363,0.6727,-2.3820,26.00,1.60,12,1.0000,False,True,-0.9831,69,17.67,1600812012.4326673,in_progress
SIM_TRACE_LOG:2,8,2.8202,0.6693,-2.5472,17.33,1.60,10,1.0000,False,True,-0.5084,69,17.67,1600812012.4986086,in_progress
SIM_TRACE_LOG:2,9,2.9123,0.6675,-1.8077,26.00,3.20,13,1.0000,False,True,0.0131,0,17.67,1600812012.5663288,in_progress
SIM_TRACE_LOG:2,10,3.0077,0.6691,-0.3423,0.00,3.20,7,1.0000,False,True,0.5531,0,17.67,1600812012.6326356,in_progress
SIM_TRACE_LOG:2,11,3.1314,0.6789,2.6045,-17.33,1.60,2,1.0000,False,True,1.2530,1,17.67,1600812012.698624,in_progress
SIM_TRACE_LOG:2,12,3.2264,0.6873,4.5258,-26.00,1.60,0,1.0000,False,True,1.7905,1,17.67,1600812012.7665594,in_progress
SIM_TRACE_LOG:2,13,3.3540,0.6974,4.4679,-17.33,1.60,2,1.0000,False,True,2.5128,1,17.67,1600812012.8319092,in_progress
SIM_TRACE_LOG:2,14,3.4630,0.7033,3.6717,-17.33,1.60,2,1.0000,False,True,3.1292,2,17.67,1600812012.9052012,in_progress
SIM_TRACE_LOG:2,15,3.5717,0.7052,2.1747,0.00,1.60,6,1.0000,False,True,3.7446,3,17.67,1600812012.9663148,in_progress
SIM_TRACE_LOG:2,16,3.6838,0.7049,0.9037,0.00,1.60,6,1.0000,False,True,4.3790,3,17.67,1600812013.0333774,in_progress
SIM_TRACE_LOG:2,17,3.7964,0.7043,0.2170,0.00,1.60,6,1.0000,False,True,5.0157,3,17.67,1600812013.1538851,in_progress
SIM_TRACE_LOG:2,18,3.8400,0.7038,-0.0176,-17.33,1.60,2,1.0000,False,True,5.2628,3,17.67,1600812013.1731896,in_progress
SIM_TRACE_LOG:2,19,4.0432,0.7007,-0.7274,-17.33,1.60,2,1.0000,False,True,6.4126,4,17.67,1600812013.2323453,in_progress
SIM_TRACE_LOG:2,20,4.1268,0.6956,-1.9416,-17.33,1.60,2,1.0000,False,True,6.8858,4,17.67,1600812013.3030524,in_progress
SIM_TRACE_LOG:2,21,4.2455,0.6825,-4.5012,0.00,3.20,7,1.0000,False,True,7.5575,4,17.67,1600812013.3693979,in_progress
SIM_TRACE_LOG:2,22,4.3438,0.6686,-6.3484,0.00,3.20,7,1.0000,False,True,8.1137,4,17.67,1600812013.4368744,in_progress
SIM_TRACE_LOG:2,23,4.4994,0.6431,-8.4299,-8.67,1.60,4,1.0000,False,True,8.9939,5,17.67,1600812013.504829,in_progress
SIM_TRACE_LOG:2,24,4.5969,0.6222,-10.4201,-8.67,1.60,4,0.5000,False,True,9.5455,6,17.67,1600812013.5721335,in_progress
SIM_TRACE_LOG:2,25,4.7446,0.5814,-14.0275,-8.67,1.60,4,0.5000,False,True,10.3812,6,17.67,1600812013.6387737,in_progress
SIM_TRACE_LOG:2,26,4.8375,0.5506,-16.2442,17.33,1.60,10,0.5000,False,True,10.9069,6,17.67,1600812013.704429,in_progress
SIM_TRACE_LOG:2,27,4.9412,0.5147,-17.7766,0.00,1.60,6,0.1000,False,True,11.4936,7,17.67,1600812013.7768633,in_progress
SIM_TRACE_LOG:2,28,5.0457,0.4777,-18.6969,17.33,1.60,10,0.1000,False,True,12.0849,7,17.67,1600812013.8454816,in_progress
SIM_TRACE_LOG:2,29,5.1615,0.4375,-18.9169,17.33,1.60,10,0.1000,False,False,12.7405,7,17.67,1600812013.9222803,in_progress
SIM_TRACE_LOG:2,30,5.2913,0.3969,-17.8829,26.00,3.20,13,0.1000,False,False,13.4749,7,17.67,1600812013.9823132,in_progress
SIM_TRACE_LOG:2,31,5.3795,0.3737,-16.2882,26.00,3.20,13,0.0010,False,False,13.9737,8,17.67,1600812014.0496655,in_progress
SIM_TRACE_LOG:2,32,5.5162,0.3509,-11.5962,26.00,3.20,13,0.0010,False,False,14.7470,8,17.67,1600812014.11445,in_progress
SIM_TRACE_LOG:2,33,5.6252,0.3431,-7.1814,17.33,1.60,10,0.0010,False,False,15.3643,9,17.67,1600812014.183531,in_progress
SIM_TRACE_LOG:2,34,5.7799,0.3465,1.5206,17.33,1.60,10,0.0010,False,False,16.2397,9,17.67,1600812014.253532,in_progress
SIM_TRACE_LOG:2,35,5.9042,0.3623,8.3941,26.00,3.20,13,0.0010,False,False,16.9153,9,17.67,1600812014.3209474,in_progress
SIM_TRACE_LOG:2,36,6.0392,0.3949,15.6657,26.00,3.20,13,0.1000,False,False,17.6818,9,17.67,1600812014.3849971,in_progress
SIM_TRACE_LOG:2,37,6.1742,0.4476,23.8342,-17.33,1.60,2,0.1000,False,False,18.4506,10,17.67,1600812014.4519014,in_progress
SIM_TRACE_LOG:2,38,6.2909,0.5078,33.4722,17.33,1.60,10,0.1000,False,False,19.1156,10,17.67,1600812014.5200384,in_progress
SIM_TRACE_LOG:2,39,6.4018,0.5789,42.0887,0.00,1.60,6,0.5000,False,True,19.6804,11,17.67,1600812014.5851038,in_progress
SIM_TRACE_LOG:2,40,6.4794,0.6416,46.5449,0.00,1.60,6,0.5000,False,True,20.1390,11,17.67,1600812014.652942,in_progress
SIM_TRACE_LOG:2,41,6.5656,0.7309,49.2213,0.00,1.60,6,1.0000,False,True,20.6966,12,17.67,1600812014.7202923,in_progress
SIM_TRACE_LOG:2,42,6.6371,0.8249,51.2129,17.33,1.60,10,1.0000,False,True,21.2734,13,17.67,1600812014.7843904,in_progress
SIM_TRACE_LOG:2,43,6.6815,0.8922,53.5438,17.33,1.60,10,0.5000,False,True,21.7375,13,17.67,1600812014.8514876,in_progress
SIM_TRACE_LOG:2,44,6.7465,1.0102,58.4932,-8.67,1.60,4,0.1000,False,True,22.5084,14,17.67,1600812014.9214005,in_progress
SIM_TRACE_LOG:2,45,6.7918,1.1045,61.5856,26.00,3.20,13,0.1000,False,True,23.0421,15,17.67,1600812014.9872253,in_progress
SIM_TRACE_LOG:2,46,6.8403,1.2161,64.6795,26.00,3.20,13,0.1000,False,False,24.0115,15,17.67,1600812015.052598,in_progress
SIM_TRACE_LOG:2,47,6.8808,1.3447,69.8713,26.00,3.20,13,0.1000,False,False,24.9659,16,17.67,1600812015.1201117,in_progress
SIM_TRACE_LOG:2,48,6.9097,1.4866,76.0088,26.00,3.20,13,0.0010,False,False,26.2466,17,17.67,1600812015.187597,in_progress
SIM_TRACE_LOG:2,49,6.9257,1.6490,83.0874,26.00,3.20,13,0.0010,False,False,27.1627,18,17.67,1600812015.2550957,in_progress
SIM_TRACE_LOG:2,50,6.9263,1.8042,89.9694,26.00,1.60,12,0.0010,False,False,29.1601,20,17.67,1600812015.3215275,in_progress
SIM_TRACE_LOG:2,51,6.9138,1.9864,99.0657,26.00,1.60,12,0.1000,False,False,30.1523,21,17.67,1600812015.389698,in_progress
SIM_TRACE_LOG:2,52,6.8943,2.1413,107.2549,26.00,1.60,12,0.1000,False,False,31.0132,21,17.67,1600812015.4540324,in_progress
SIM_TRACE_LOG:2,53,6.8727,2.2600,112.9866,17.33,1.60,10,0.1000,False,True,32.0815,22,17.67,1600812015.521775,in_progress
SIM_TRACE_LOG:2,54,6.8350,2.3975,116.7540,-17.33,1.60,2,0.5000,False,True,33.0053,22,17.67,1600812015.5889645,in_progress
SIM_TRACE_LOG:2,55,6.8002,2.4880,117.4364,26.00,1.60,12,0.5000,False,True,33.4794,23,17.67,1600812015.6556332,in_progress
SIM_TRACE_LOG:2,56,6.7459,2.5964,117.6908,26.00,3.20,13,1.0000,False,True,34.1030,23,17.67,1600812015.7212017,in_progress
SIM_TRACE_LOG:2,57,6.6876,2.6929,119.7507,26.00,1.60,12,1.0000,False,True,34.6716,23,17.67,1600812015.7881513,in_progress
SIM_TRACE_LOG:2,58,6.6066,2.7986,124.8974,-8.67,1.60,4,0.5000,False,True,35.3248,24,17.67,1600812015.8546631,in_progress
SIM_TRACE_LOG:2,59,6.5269,2.8856,129.3642,-8.67,1.60,4,0.1000,False,True,35.6805,24,17.67,1600812015.922133,in_progress
SIM_TRACE_LOG:2,60,6.4350,2.9709,134.1417,-8.67,1.60,4,0.1000,False,False,36.2466,24,17.67,1600812015.9868782,in_progress
SIM_TRACE_LOG:2,61,6.3571,3.0358,137.3205,-17.33,1.60,2,0.1000,False,False,36.7225,24,17.67,1600812016.05643,in_progress
SIM_TRACE_LOG:2,62,6.2666,3.1088,139.5005,-17.33,1.60,2,0.0010,False,False,37.2742,25,17.67,1600812016.1209366,in_progress
SIM_TRACE_LOG:2,63,6.1966,3.1651,140.2924,-17.33,1.60,2,0.0010,False,False,37.7006,25,17.67,1600812016.1920779,in_progress
SIM_TRACE_LOG:2,64,6.0898,3.2534,140.3289,-17.33,1.60,2,0.0010,True,False,38.1327,25,17.67,1600812016.256642,off_track
[s3] Successfully uploaded metrics to                  s3 bucket aws-deepracer-data-us-east-1-1 with s3 key data-4911253a-c01f-4c71-a54c-19b96a9d885b/models/ArtificialRacers-S3p2T26D-5b/metrics/evaluation/evaluation-20200922215707-Un7TY69dRfSj9PeYJ9zfcg.json.
Testing - Name: main_level/agent Worker: 0 Episode: 0 Total reward: 33.21 Steps: 0 Training iteration: 0 
agent: Finished evaluation phase. Success rate = 0.0, Avg Total Reward = 33.21
agent: Starting evaluation phase
Reset agent
SIM_TRACE_LOG:3,1,2.5502,0.6830,0.0026,26.00,3.20,13,1.0000,False,True,-2.0363,69,17.67,1600812016.9086976,in_progress
SIM_TRACE_LOG:3,2,2.5508,0.6830,-0.0144,-17.33,1.60,2,1.0000,False,True,-2.0324,69,17.67,1600812016.9349847,in_progress
SIM_TRACE_LOG:3,3,2.5515,0.6830,0.0213,-17.33,1.60,2,1.0000,False,True,-2.0284,69,17.67,1600812016.9995508,in_progress
SIM_TRACE_LOG:3,4,2.5662,0.6820,-0.4438,0.00,3.20,7,1.0000,False,True,-1.9454,69,17.67,1600812017.0667965,in_progress
SIM_TRACE_LOG:3,5,2.5971,0.6797,-1.2258,0.00,3.20,7,1.0000,False,True,-1.7706,69,17.67,1600812017.1300838,in_progress
SIM_TRACE_LOG:3,6,2.6438,0.6763,-2.0776,26.00,1.60,12,1.0000,False,True,-1.5065,69,17.67,1600812017.199122,in_progress
SIM_TRACE_LOG:3,7,2.7097,0.6736,-2.4763,26.00,3.20,13,1.0000,False,True,-1.1336,69,17.67,1600812017.2643652,in_progress
SIM_TRACE_LOG:3,8,2.7782,0.6740,-1.3193,0.00,3.20,7,1.0000,False,True,-0.7459,69,17.67,1600812017.3305788,in_progress
SIM_TRACE_LOG:3,9,2.8619,0.6770,0.2341,0.00,3.20,7,1.0000,False,True,-0.2722,70,17.67,1600812017.3962972,in_progress
SIM_TRACE_LOG:3,10,2.9628,0.6815,1.4603,-17.33,1.60,2,1.0000,False,True,0.2986,0,17.67,1600812017.4631987,in_progress
SIM_TRACE_LOG:3,11,3.0728,0.6865,2.2333,-26.00,1.60,0,1.0000,False,True,0.9215,0,17.67,1600812017.5316246,in_progress
SIM_TRACE_LOG:3,12,3.1819,0.6880,1.3521,-17.33,1.60,2,1.0000,False,True,1.5385,1,17.67,1600812017.6011915,in_progress
SIM_TRACE_LOG:3,13,3.2903,0.6842,-0.5254,-17.33,1.60,2,1.0000,False,True,2.1520,1,17.67,1600812017.6661322,in_progress
SIM_TRACE_LOG:3,14,3.4186,0.6718,-3.6996,26.00,3.20,13,1.0000,False,True,2.8783,2,17.67,1600812017.734039,in_progress
SIM_TRACE_LOG:3,15,3.5269,0.6590,-5.2850,17.33,1.60,10,1.0000,False,True,3.4907,3,17.67,1600812017.7998962,in_progress
SIM_TRACE_LOG:3,16,3.6564,0.6458,-5.2811,17.33,1.60,10,1.0000,False,True,4.2235,3,17.67,1600812017.8658013,in_progress
SIM_TRACE_LOG:3,17,3.7493,0.6386,-4.8547,17.33,1.60,10,1.0000,False,True,4.7491,3,17.67,1600812017.9346566,in_progress
SIM_TRACE_LOG:3,18,3.8572,0.6334,-3.6680,17.33,1.60,10,1.0000,False,True,5.3601,3,17.67,1600812018.0021954,in_progress
SIM_TRACE_LOG:3,19,3.9925,0.6334,-1.3424,0.00,3.20,7,1.0000,False,True,6.1255,4,17.67,1600812018.0700815,in_progress
SIM_TRACE_LOG:3,20,4.1144,0.6370,0.4321,17.33,1.60,10,1.0000,False,True,6.8154,4,17.67,1600812018.133336,in_progress
SIM_TRACE_LOG:3,21,4.2211,0.6449,2.7483,0.00,1.60,6,1.0000,False,True,7.4190,4,17.67,1600812018.1994367,in_progress
SIM_TRACE_LOG:3,22,4.3218,0.6565,4.7464,-17.33,1.60,2,1.0000,False,True,7.9889,4,17.67,1600812018.266224,in_progress
SIM_TRACE_LOG:3,23,4.4388,0.6695,5.6191,-17.33,1.60,2,1.0000,False,True,8.6511,5,17.67,1600812018.3319116,in_progress
SIM_TRACE_LOG:3,24,4.5609,0.6806,5.3167,-17.33,1.60,2,1.0000,False,True,9.3423,6,17.67,1600812018.401248,in_progress
SIM_TRACE_LOG:3,25,4.6798,0.6873,4.0276,-26.00,1.60,0,1.0000,False,True,10.0151,6,17.67,1600812018.4657927,in_progress
SIM_TRACE_LOG:3,26,4.7897,0.6876,1.8146,-26.00,1.60,0,1.0000,False,True,10.6366,6,17.67,1600812018.534481,in_progress
SIM_TRACE_LOG:3,27,4.8913,0.6807,-1.2459,-17.33,1.60,2,1.0000,False,True,11.2119,6,17.67,1600812018.6003742,in_progress
SIM_TRACE_LOG:3,28,5.0028,0.6649,-5.1873,0.00,3.20,7,1.0000,False,True,11.8427,7,17.67,1600812018.6691883,in_progress
SIM_TRACE_LOG:3,29,5.1164,0.6426,-8.6600,17.33,1.60,10,1.0000,False,True,12.4855,7,17.67,1600812018.7362692,in_progress
SIM_TRACE_LOG:3,30,5.2325,0.6179,-11.3109,17.33,1.60,10,0.5000,False,True,13.1421,7,17.67,1600812018.8026218,in_progress
SIM_TRACE_LOG:3,31,5.3327,0.5959,-11.8551,17.33,1.60,10,0.5000,False,True,13.7091,7,17.67,1600812018.8707259,in_progress
SIM_TRACE_LOG:3,32,5.4463,0.5728,-11.5887,17.33,1.60,10,0.5000,False,True,14.3519,8,17.67,1600812018.936606,in_progress
SIM_TRACE_LOG:3,33,5.5603,0.5535,-10.4444,17.33,1.60,10,0.5000,False,True,14.9972,8,17.67,1600812019.0030465,in_progress
SIM_TRACE_LOG:3,34,5.6612,0.5404,-8.8820,17.33,1.60,10,0.5000,False,True,15.5682,9,17.67,1600812019.0704648,in_progress
SIM_TRACE_LOG:3,35,5.7653,0.5314,-6.7741,17.33,1.60,10,0.1000,False,True,16.1574,9,17.67,1600812019.1376743,in_progress
SIM_TRACE_LOG:3,36,5.8971,0.5279,-3.4461,17.33,1.60,10,0.1000,False,True,16.8894,9,17.67,1600812019.2076328,in_progress
SIM_TRACE_LOG:3,37,5.9856,0.5309,-0.8782,26.00,3.20,13,0.1000,False,True,17.3903,9,17.67,1600812019.2728293,in_progress
SIM_TRACE_LOG:3,38,6.1000,0.5420,2.9772,26.00,1.60,12,0.5000,False,True,18.0387,10,17.67,1600812019.3391612,in_progress
SIM_TRACE_LOG:3,39,6.2271,0.5694,8.9506,26.00,1.60,12,0.5000,False,True,18.7601,10,17.67,1600812019.4060047,in_progress
SIM_TRACE_LOG:3,40,6.3344,0.6042,13.9949,26.00,1.60,12,0.5000,False,True,19.3183,10,17.67,1600812019.475136,in_progress
SIM_TRACE_LOG:3,41,6.4360,0.6474,19.0815,26.00,1.60,12,0.5000,False,True,19.9182,11,17.67,1600812019.5394158,in_progress
SIM_TRACE_LOG:3,42,6.5277,0.6967,24.0881,26.00,3.20,13,1.0000,False,True,20.4242,12,17.67,1600812019.606247,in_progress
SIM_TRACE_LOG:3,43,6.6290,0.7655,30.3462,26.00,3.20,13,1.0000,False,True,21.1027,13,17.67,1600812019.6727462,in_progress
SIM_TRACE_LOG:3,44,6.7145,0.8402,36.8370,26.00,1.60,12,1.0000,False,True,21.7406,13,17.67,1600812019.740498,in_progress
SIM_TRACE_LOG:3,45,6.8008,0.9313,45.2593,26.00,1.60,12,0.5000,False,True,22.4278,14,17.67,1600812019.805463,in_progress
SIM_TRACE_LOG:3,46,6.8699,1.0222,51.3612,17.33,1.60,10,0.5000,False,True,23.0954,15,17.67,1600812019.8743565,in_progress
SIM_TRACE_LOG:3,47,6.9392,1.1372,56.1501,26.00,1.60,12,0.5000,False,True,23.9906,15,17.67,1600812019.941461,in_progress
SIM_TRACE_LOG:3,48,6.9836,1.2269,60.1085,26.00,1.60,12,0.5000,False,True,24.5475,16,17.67,1600812020.0082302,in_progress
SIM_TRACE_LOG:3,49,7.0238,1.3299,64.9383,26.00,1.60,12,0.1000,False,True,25.5257,17,17.67,1600812020.074321,in_progress
SIM_TRACE_LOG:3,50,7.0537,1.4356,70.1516,26.00,1.60,12,0.5000,False,True,26.1465,17,17.67,1600812020.140123,in_progress
SIM_TRACE_LOG:3,51,7.0736,1.5480,75.8428,26.00,1.60,12,0.1000,False,True,26.7918,18,17.67,1600812020.2074566,in_progress
SIM_TRACE_LOG:3,52,7.0816,1.6536,81.2448,26.00,1.60,12,0.1000,False,True,27.3842,18,17.67,1600812020.2758427,in_progress
SIM_TRACE_LOG:3,53,7.0789,1.7624,86.9303,0.00,1.60,6,0.1000,False,True,27.9812,18,17.67,1600812020.3431895,in_progress
SIM_TRACE_LOG:3,54,7.0651,1.8701,92.7056,26.00,1.60,12,0.1000,False,True,29.2390,20,17.67,1600812020.4096522,in_progress
SIM_TRACE_LOG:3,55,7.0440,1.9633,97.7745,17.33,1.60,10,0.1000,False,True,29.7755,20,17.67,1600812020.4773092,in_progress
SIM_TRACE_LOG:3,56,7.0095,2.0676,103.7258,17.33,1.60,10,0.1000,False,True,30.3970,21,17.67,1600812020.542467,in_progress
SIM_TRACE_LOG:3,57,6.9689,2.1593,109.0821,17.33,1.60,10,0.1000,False,True,30.9628,21,17.67,1600812020.6093976,in_progress
SIM_TRACE_LOG:3,58,6.9208,2.2454,114.3417,26.00,3.20,13,0.1000,False,True,31.8478,21,17.67,1600812020.6780741,in_progress
SIM_TRACE_LOG:3,59,6.8414,2.3592,121.3768,26.00,3.20,13,0.1000,False,True,32.8411,22,17.67,1600812020.7441869,in_progress
SIM_TRACE_LOG:3,60,6.7675,2.4410,127.5636,0.00,3.20,7,0.5000,False,True,33.4570,23,17.67,1600812020.8096192,in_progress
SIM_TRACE_LOG:3,61,6.6813,2.5186,134.2861,0.00,1.60,6,0.5000,False,True,34.1124,23,17.67,1600812020.8772082,in_progress
SIM_TRACE_LOG:3,62,6.5567,2.6097,144.4400,-8.67,1.60,4,0.5000,False,True,35.1748,24,17.67,1600812020.9449768,in_progress
SIM_TRACE_LOG:3,63,6.4506,2.6710,151.6453,26.00,3.20,13,0.5000,False,True,35.9865,24,17.67,1600812021.01642,in_progress
SIM_TRACE_LOG:3,64,6.3382,2.7205,156.6987,-8.67,1.60,4,1.0000,False,True,36.6474,24,17.67,1600812021.07922,in_progress
SIM_TRACE_LOG:3,65,6.2184,2.7581,163.0862,17.33,1.60,10,1.0000,False,True,37.3437,25,17.67,1600812021.1474073,in_progress
SIM_TRACE_LOG:3,66,6.0866,2.7829,168.8336,-8.67,1.60,4,1.0000,False,True,38.1000,25,17.67,1600812021.2118824,in_progress
SIM_TRACE_LOG:3,67,5.9784,2.7924,172.2445,17.33,1.60,10,1.0000,False,True,38.7055,26,17.67,1600812021.2801795,in_progress
SIM_TRACE_LOG:3,68,5.8621,2.7958,175.7820,17.33,1.60,10,1.0000,False,True,39.3634,26,17.67,1600812021.3461223,in_progress
SIM_TRACE_LOG:3,69,5.7532,2.7913,179.4442,-26.00,1.60,0,1.0000,False,True,39.9799,27,17.67,1600812021.4126062,in_progress
SIM_TRACE_LOG:3,70,5.6409,2.7820,-177.6079,-26.00,1.60,0,1.0000,False,True,40.6157,28,17.67,1600812021.4816556,in_progress
SIM_TRACE_LOG:3,71,5.5277,2.7725,-176.2724,-17.33,1.60,2,1.0000,False,True,41.2568,28,17.67,1600812021.5481758,in_progress
SIM_TRACE_LOG:3,72,5.4249,2.7641,-175.8097,-17.33,1.60,2,1.0000,False,True,41.8389,29,17.67,1600812021.6155756,in_progress
SIM_TRACE_LOG:3,73,5.3103,2.7555,-175.7619,-17.33,1.60,2,1.0000,False,True,42.4877,29,17.67,1600812021.6864116,in_progress
SIM_TRACE_LOG:3,74,5.1904,2.7496,-176.6224,-17.33,1.60,2,1.0000,False,True,43.1664,29,17.67,1600812021.751787,in_progress
SIM_TRACE_LOG:3,75,5.0688,2.7483,-178.2891,-26.00,3.20,1,1.0000,False,True,43.8548,30,17.67,1600812021.8154826,in_progress
SIM_TRACE_LOG:3,76,4.9636,2.7531,179.2389,-26.00,3.20,1,1.0000,False,True,44.4394,32,17.67,1600812021.8834867,in_progress
SIM_TRACE_LOG:3,77,4.8399,2.7702,174.7366,-26.00,1.60,0,1.0000,False,True,45.1150,32,17.67,1600812021.9496558,in_progress
SIM_TRACE_LOG:3,78,4.7088,2.8017,168.4801,-26.00,3.20,1,1.0000,False,True,45.8758,33,17.67,1600812022.0162454,in_progress
SIM_TRACE_LOG:3,79,4.5747,2.8497,162.8164,-17.33,1.60,2,1.0000,False,True,46.6815,33,17.67,1600812022.0830712,in_progress
SIM_TRACE_LOG:3,80,4.4499,2.9094,155.6184,-17.33,1.60,2,0.5000,False,True,47.3514,33,17.67,1600812022.1511269,in_progress
SIM_TRACE_LOG:3,81,4.3386,2.9777,149.0923,-8.67,1.60,4,0.5000,False,True,48.0791,34,17.67,1600812022.2175589,in_progress
SIM_TRACE_LOG:3,82,4.2665,3.0333,145.6982,17.33,1.60,10,0.5000,False,True,48.5928,34,17.67,1600812022.2839959,in_progress
SIM_TRACE_LOG:3,83,4.1504,3.1348,141.0485,-8.67,1.60,4,0.5000,False,True,49.3738,34,17.67,1600812022.3508968,in_progress
SIM_TRACE_LOG:3,84,4.0939,3.1882,139.1019,-17.33,1.60,2,0.5000,False,True,49.8102,34,17.67,1600812022.4218493,in_progress
SIM_TRACE_LOG:3,85,4.0116,3.2767,135.3230,-8.67,1.60,4,0.5000,False,True,50.4930,35,17.67,1600812022.4847262,in_progress
SIM_TRACE_LOG:3,86,3.9533,3.3473,132.4811,-17.33,1.60,2,0.5000,False,True,51.0110,35,17.67,1600812022.5529494,in_progress
SIM_TRACE_LOG:3,87,3.8774,3.4533,128.0716,0.00,1.60,6,0.5000,False,True,51.7471,36,17.67,1600812022.6215742,in_progress
SIM_TRACE_LOG:3,88,3.8261,3.5332,125.3559,17.33,1.60,10,0.5000,False,True,52.2810,36,17.67,1600812022.6871479,in_progress
SIM_TRACE_LOG:3,89,3.7644,3.6334,123.2210,17.33,1.60,10,0.5000,False,True,52.9413,37,17.67,1600812022.7515113,in_progress
SIM_TRACE_LOG:3,90,3.7185,3.7075,122.5638,17.33,1.60,10,0.5000,False,True,53.4301,37,17.67,1600812022.8174248,in_progress
SIM_TRACE_LOG:3,91,3.6511,3.8137,122.5263,17.33,1.60,10,0.5000,False,True,54.1372,38,17.67,1600812022.888738,in_progress
SIM_TRACE_LOG:3,92,3.5693,3.9326,123.9226,26.00,1.60,12,1.0000,False,True,54.9510,39,17.67,1600812022.9555724,in_progress
SIM_TRACE_LOG:3,93,3.5173,3.9995,125.7397,26.00,1.60,12,1.0000,False,True,55.4304,39,17.67,1600812023.0229988,in_progress
SIM_TRACE_LOG:3,94,3.4534,4.0723,128.6048,26.00,1.60,12,1.0000,False,True,55.9957,39,17.67,1600812023.0914295,in_progress
SIM_TRACE_LOG:3,95,3.3706,4.1530,132.8093,26.00,1.60,12,1.0000,False,True,56.6487,40,17.67,1600812023.1594224,in_progress
SIM_TRACE_LOG:3,96,3.2893,4.2197,137.1149,26.00,3.20,13,0.5000,False,True,57.2381,40,17.67,1600812023.226717,in_progress
SIM_TRACE_LOG:3,97,3.1873,4.2878,142.8029,-17.33,1.60,2,0.5000,False,True,58.0529,41,17.67,1600812023.3002362,in_progress
SIM_TRACE_LOG:3,98,3.0814,4.3419,149.7769,-17.33,1.60,2,0.5000,False,True,58.7602,42,17.67,1600812023.359241,in_progress
SIM_TRACE_LOG:3,99,2.9746,4.3886,153.5843,26.00,3.20,13,0.5000,False,True,59.4963,43,17.67,1600812023.4262798,in_progress
SIM_TRACE_LOG:3,100,2.8548,4.4344,157.1691,26.00,3.20,13,1.0000,False,True,60.3120,44,17.67,1600812023.4920592,in_progress
SIM_TRACE_LOG:3,101,2.7332,4.4674,162.0659,17.33,1.60,10,1.0000,False,True,61.0619,45,17.67,1600812023.5624647,in_progress
SIM_TRACE_LOG:3,102,2.5932,4.4908,169.2581,17.33,1.60,10,1.0000,False,True,61.8534,46,17.67,1600812023.6271646,in_progress
SIM_TRACE_LOG:3,103,2.4937,4.4969,173.3993,-8.67,1.60,4,1.0000,False,True,62.4163,46,17.67,1600812023.6985257,in_progress
SIM_TRACE_LOG:3,104,2.3638,4.4944,178.2331,17.33,1.60,10,1.0000,False,True,63.1519,47,17.67,1600812023.764551,in_progress
SIM_TRACE_LOG:3,105,2.2576,4.4863,-178.4113,26.00,3.20,13,1.0000,False,True,63.7535,47,17.67,1600812023.8350563,in_progress
SIM_TRACE_LOG:3,106,2.1151,4.4632,-173.0913,-8.67,1.60,4,1.0000,False,True,64.5635,48,17.67,1600812023.8964312,in_progress
SIM_TRACE_LOG:3,107,2.0091,4.4336,-166.6373,0.00,1.60,6,1.0000,False,True,65.1683,48,17.67,1600812023.9669724,in_progress
SIM_TRACE_LOG:3,108,1.9087,4.3936,-161.4312,0.00,1.60,6,0.5000,False,True,65.7427,48,17.67,1600812024.0372725,in_progress
SIM_TRACE_LOG:3,109,1.7996,4.3402,-156.9579,-17.33,1.60,2,0.5000,False,True,66.3684,49,17.67,1600812024.1004503,in_progress
SIM_TRACE_LOG:3,110,1.7061,4.2920,-154.7169,26.00,1.60,12,0.1000,False,True,67.0311,49,17.67,1600812024.16478,in_progress
SIM_TRACE_LOG:3,111,1.6083,4.2380,-152.6880,0.00,1.60,6,0.1000,False,True,67.6245,49,17.67,1600812024.2338424,in_progress
SIM_TRACE_LOG:3,112,1.5143,4.1815,-150.6741,26.00,1.60,12,0.1000,False,False,68.1989,49,17.67,1600812024.2980063,in_progress
SIM_TRACE_LOG:3,113,1.4125,4.1153,-148.3924,26.00,1.60,12,0.0010,False,False,68.8250,50,17.67,1600812024.3635008,in_progress
SIM_TRACE_LOG:3,114,1.3294,4.0513,-145.0870,26.00,3.20,13,0.0010,False,False,70.9838,51,17.67,1600812024.428996,in_progress
SIM_TRACE_LOG:3,115,1.2520,3.9818,-141.1638,26.00,1.60,12,0.0010,False,False,71.5587,51,17.67,1600812024.498076,in_progress
SIM_TRACE_LOG:3,116,1.1659,3.8856,-135.3207,26.00,1.60,12,0.0010,False,False,72.2848,52,17.67,1600812024.5648725,in_progress
SIM_TRACE_LOG:3,117,1.0980,3.7929,-130.0582,26.00,1.60,12,0.0010,False,False,72.9355,52,17.67,1600812024.6353495,in_progress
SIM_TRACE_LOG:3,118,1.0456,3.7060,-125.2627,26.00,3.20,13,0.0010,False,False,73.5079,52,17.67,1600812024.7028375,in_progress
SIM_TRACE_LOG:3,119,0.9939,3.5963,-119.0518,26.00,3.20,13,0.1000,False,False,75.1610,53,17.67,1600812024.7671378,in_progress
SIM_TRACE_LOG:3,120,0.9548,3.4754,-111.6437,-17.33,1.60,2,0.1000,False,False,76.2521,53,17.67,1600812024.8326283,in_progress
SIM_TRACE_LOG:3,121,0.9271,3.3355,-102.0857,-26.00,1.60,0,0.1000,False,True,76.9955,53,17.67,1600812024.900424,in_progress
SIM_TRACE_LOG:3,122,0.9174,3.2402,-96.9835,-17.33,1.60,2,0.5000,False,True,77.5121,53,17.67,1600812024.968318,in_progress
SIM_TRACE_LOG:3,123,0.9120,3.1170,-93.1950,-26.00,1.60,0,0.5000,False,True,78.1889,54,17.67,1600812025.0325067,in_progress
SIM_TRACE_LOG:3,124,0.9091,3.0083,-92.2796,-17.33,1.60,2,0.5000,False,True,78.7877,54,17.67,1600812025.100485,in_progress
SIM_TRACE_LOG:3,125,0.9047,2.8935,-92.2606,-17.33,1.60,2,0.5000,False,True,79.4188,54,17.67,1600812025.1678455,in_progress
SIM_TRACE_LOG:3,126,0.8984,2.7855,-92.8265,-17.33,1.60,2,1.0000,False,True,80.0099,54,17.67,1600812025.2351296,in_progress
SIM_TRACE_LOG:3,127,0.8884,2.6760,-94.1308,17.33,1.60,10,1.0000,False,True,80.6053,55,17.67,1600812025.3069146,in_progress
SIM_TRACE_LOG:3,128,0.8744,2.5479,-95.4023,26.00,1.60,12,1.0000,False,True,81.2988,56,17.67,1600812025.364421,in_progress
SIM_TRACE_LOG:3,129,0.8672,2.4638,-95.1301,17.33,1.60,10,0.5000,False,True,81.7566,56,17.67,1600812025.433483,in_progress
SIM_TRACE_LOG:3,130,0.8598,2.3371,-94.0598,26.00,3.20,13,0.5000,False,True,82.4503,57,17.67,1600812025.5006812,in_progress
SIM_TRACE_LOG:3,131,0.8579,2.2236,-92.1677,26.00,3.20,13,0.5000,False,True,83.0770,57,17.67,1600812025.570292,in_progress
SIM_TRACE_LOG:3,132,0.8701,2.0744,-87.3034,26.00,3.20,13,0.5000,False,True,83.9179,58,17.67,1600812025.6368039,in_progress
SIM_TRACE_LOG:3,133,0.8959,1.9367,-81.9715,26.00,3.20,13,0.5000,False,True,84.7104,59,17.67,1600812025.6998193,in_progress
SIM_TRACE_LOG:3,134,0.9365,1.7946,-76.2418,26.00,1.60,12,0.5000,False,True,85.5446,59,17.67,1600812025.7696002,in_progress
SIM_TRACE_LOG:3,135,0.9910,1.6507,-69.4293,26.00,3.20,13,0.5000,False,True,86.4046,60,17.67,1600812025.8329027,in_progress
SIM_TRACE_LOG:3,136,1.0653,1.5023,-64.5690,26.00,1.60,12,0.5000,False,True,87.2961,60,17.67,1600812025.9014626,in_progress
SIM_TRACE_LOG:3,137,1.1447,1.3724,-59.0734,26.00,1.60,12,1.0000,False,True,88.1190,61,17.67,1600812025.9682014,in_progress
SIM_TRACE_LOG:3,138,1.2223,1.2643,-54.9910,26.00,1.60,12,1.0000,False,True,88.8196,61,17.67,1600812026.0345328,in_progress
SIM_TRACE_LOG:3,139,1.3016,1.1694,-51.7420,26.00,3.20,13,0.5000,False,True,89.5088,62,17.67,1600812026.1036777,in_progress
SIM_TRACE_LOG:3,140,1.3924,1.0763,-47.7922,26.00,3.20,13,0.5000,False,True,90.4131,64,17.67,1600812026.1731763,in_progress
SIM_TRACE_LOG:3,141,1.5081,0.9817,-41.6978,26.00,3.20,13,0.5000,False,True,91.2993,65,17.67,1600812026.2402394,in_progress
SIM_TRACE_LOG:3,142,1.6200,0.9091,-35.6824,26.00,3.20,13,0.5000,False,True,92.4589,67,17.67,1600812026.303365,in_progress
SIM_TRACE_LOG:3,143,1.7786,0.8288,-27.1398,26.00,3.20,13,0.5000,False,True,93.4404,67,17.67,1600812026.3710706,in_progress
SIM_TRACE_LOG:3,144,1.9317,0.7701,-18.6252,-8.67,1.60,4,1.0000,False,True,94.3617,68,17.67,1600812026.4417171,in_progress
SIM_TRACE_LOG:3,145,2.1105,0.7164,-7.5605,0.00,3.20,7,1.0000,False,True,95.4760,68,17.67,1600812026.5087664,in_progress
SIM_TRACE_LOG:3,146,2.2500,0.6851,0.7249,-17.33,1.60,2,1.0000,False,True,96.2653,68,17.67,1600812026.5733504,in_progress
SIM_TRACE_LOG:3,147,2.4151,0.6618,13.0306,-8.67,1.60,4,1.0000,False,True,97.1995,69,17.67,1600812026.6388838,in_progress
SIM_TRACE_LOG:3,148,2.5481,0.6515,21.4909,0.00,1.60,6,1.0000,False,True,97.9521,69,17.67,1600812026.708105,in_progress
SIM_TRACE_LOG:3,149,2.6755,0.6525,27.0703,-8.67,1.60,4,1.0000,False,True,98.6728,69,17.67,1600812026.7764935,in_progress
SIM_TRACE_LOG:3,150,2.7963,0.6661,30.7602,-8.67,1.60,4,1.0000,False,True,99.3568,69,17.67,1600812026.8420522,in_progress
SIM_TRACE_LOG:3,151,2.9162,0.6940,32.9238,-26.00,1.60,0,1.0000,True,True,100.0000,0,17.67,1600812026.9095747,lap_complete
[s3] Successfully uploaded metrics to                  s3 bucket aws-deepracer-data-us-east-1-1 with s3 key data-4911253a-c01f-4c71-a54c-19b96a9d885b/models/ArtificialRacers-S3p2T26D-5b/metrics/evaluation/evaluation-20200922215707-Un7TY69dRfSj9PeYJ9zfcg.json.
Testing - Name: main_level/agent Worker: 0 Episode: 0 Total reward: 101.41 Steps: 0 Training iteration: 0 
agent: Finished evaluation phase. Success rate = 0.0, Avg Total Reward = 101.41
agent: Starting evaluation phase
Reset agent
SIM_TRACE_LOG:4,1,2.5529,0.6828,-0.0670,-17.33,1.60,2,1.0000,False,True,-2.0208,69,17.67,1600812027.7618442,in_progress
SIM_TRACE_LOG:4,2,2.5538,0.6828,-0.0690,-17.33,1.60,2,1.0000,False,True,-2.0157,69,17.67,1600812027.7849567,in_progress
SIM_TRACE_LOG:4,3,2.5550,0.6827,-0.0663,-17.33,1.60,2,1.0000,False,True,-2.0091,69,17.67,1600812027.8445373,in_progress
SIM_TRACE_LOG:4,4,2.5704,0.6809,-0.7090,0.00,3.20,7,1.0000,False,True,-1.9216,69,17.67,1600812027.909151,in_progress
SIM_TRACE_LOG:4,5,2.6019,0.6774,-1.8513,0.00,3.20,7,1.0000,False,True,-1.7434,69,17.67,1600812027.9765756,in_progress
SIM_TRACE_LOG:4,6,2.6456,0.6721,-3.2190,17.33,1.60,10,1.0000,False,True,-1.4963,69,17.67,1600812028.0426495,in_progress
SIM_TRACE_LOG:4,7,2.7092,0.6656,-4.1166,17.33,1.60,10,1.0000,False,True,-1.1361,69,17.67,1600812028.1082854,in_progress
SIM_TRACE_LOG:4,8,2.7846,0.6598,-4.2112,0.00,3.20,7,1.0000,False,True,-0.7094,69,17.67,1600812028.1805682,in_progress
SIM_TRACE_LOG:4,9,2.8820,0.6539,-3.8497,0.00,3.20,7,1.0000,False,True,-0.1584,70,17.67,1600812028.246279,in_progress
SIM_TRACE_LOG:4,10,2.9999,0.6467,-3.6367,0.00,3.20,7,1.0000,False,True,0.5087,0,17.67,1600812028.3117483,in_progress
SIM_TRACE_LOG:4,11,3.1077,0.6407,-3.4052,17.33,1.60,10,1.0000,False,True,1.1186,0,17.67,1600812028.3795047,in_progress
SIM_TRACE_LOG:4,12,3.2398,0.6348,-2.5830,0.00,3.20,7,1.0000,False,True,1.8660,1,17.67,1600812028.4477026,in_progress
SIM_TRACE_LOG:4,13,3.3526,0.6329,-1.6326,0.00,3.20,7,1.0000,False,True,2.5044,1,17.67,1600812028.5111122,in_progress
SIM_TRACE_LOG:4,14,3.4729,0.6322,-0.8818,0.00,3.20,7,1.0000,False,True,3.1854,2,17.67,1600812028.5781403,in_progress
SIM_TRACE_LOG:4,15,3.6307,0.6327,-0.1453,17.33,1.60,10,1.0000,False,True,4.0785,3,17.67,1600812028.6455557,in_progress
SIM_TRACE_LOG:4,16,3.8095,0.6362,0.1539,0.00,3.20,7,1.0000,False,True,5.0900,3,17.67,1600812028.7137418,in_progress
SIM_TRACE_LOG:4,17,3.9666,0.6423,1.5568,0.00,3.20,7,1.0000,False,True,5.9787,4,17.67,1600812028.7774754,in_progress
SIM_TRACE_LOG:4,18,4.1178,0.6496,2.3634,0.00,3.20,7,1.0000,False,True,6.8349,4,17.67,1600812028.8460126,in_progress
SIM_TRACE_LOG:4,19,4.3149,0.6608,3.0791,-26.00,1.60,0,1.0000,False,True,7.9498,4,17.67,1600812028.9139867,in_progress
SIM_TRACE_LOG:4,20,4.5024,0.6716,3.0963,-26.00,1.60,0,1.0000,False,True,9.0113,5,17.67,1600812028.9827654,in_progress
SIM_TRACE_LOG:4,21,4.6665,0.6732,1.0991,-17.33,1.60,2,1.0000,False,True,9.9398,6,17.67,1600812029.0472732,in_progress
SIM_TRACE_LOG:4,22,4.8096,0.6660,-1.6627,-17.33,1.60,2,1.0000,False,True,10.7496,6,17.67,1600812029.1136403,in_progress
SIM_TRACE_LOG:4,23,4.9581,0.6473,-5.5610,0.00,3.20,7,1.0000,False,True,11.5895,7,17.67,1600812029.1858447,in_progress
SIM_TRACE_LOG:4,24,5.1160,0.6176,-9.1957,17.33,1.60,10,0.5000,False,True,12.4832,7,17.67,1600812029.248902,in_progress
SIM_TRACE_LOG:4,25,5.2530,0.5910,-11.2668,17.33,1.60,10,0.5000,False,True,13.2584,7,17.67,1600812029.3146608,in_progress
SIM_TRACE_LOG:4,26,5.3657,0.5694,-11.0675,17.33,1.60,10,0.5000,False,True,13.8958,7,17.67,1600812029.3804247,in_progress
SIM_TRACE_LOG:4,27,5.4815,0.5509,-9.8708,17.33,3.20,11,0.5000,False,True,14.5515,8,17.67,1600812029.4509027,in_progress
SIM_TRACE_LOG:4,28,5.6140,0.5371,-7.2077,17.33,1.60,10,0.5000,False,True,15.3008,9,17.67,1600812029.516092,in_progress
SIM_TRACE_LOG:4,29,5.7284,0.5340,-3.5903,17.33,1.60,10,0.5000,False,True,15.9484,9,17.67,1600812029.582875,in_progress
SIM_TRACE_LOG:4,30,5.8545,0.5404,0.5079,17.33,1.60,10,0.5000,False,True,16.6494,9,17.67,1600812029.6482937,in_progress
SIM_TRACE_LOG:4,31,5.9655,0.5546,4.3603,26.00,1.60,12,0.5000,False,True,17.2789,9,17.67,1600812029.714135,in_progress
SIM_TRACE_LOG:4,32,6.0707,0.5765,8.4963,26.00,1.60,12,0.5000,False,True,17.8759,10,17.67,1600812029.784148,in_progress
SIM_TRACE_LOG:4,33,6.1556,0.6018,12.3998,26.00,1.60,12,0.5000,False,True,18.3585,10,17.67,1600812029.8481503,in_progress
SIM_TRACE_LOG:4,34,6.2627,0.6446,17.8967,26.00,1.60,12,1.0000,False,True,18.9686,10,17.67,1600812029.9150052,in_progress
SIM_TRACE_LOG:4,35,6.3709,0.7028,24.2603,17.33,1.60,10,1.0000,False,True,19.5887,10,17.67,1600812029.9836562,in_progress
SIM_TRACE_LOG:4,36,6.4510,0.7574,29.4271,26.00,3.20,13,1.0000,False,True,20.0753,11,17.67,1600812030.0500565,in_progress
SIM_TRACE_LOG:4,37,6.5419,0.8346,36.0765,17.33,1.60,10,0.5000,False,True,20.7963,12,17.67,1600812030.1156797,in_progress
SIM_TRACE_LOG:4,38,6.6105,0.9094,42.0708,17.33,1.60,10,0.5000,False,True,21.3164,13,17.67,1600812030.1834533,in_progress
SIM_TRACE_LOG:4,39,6.6963,1.0250,49.7070,17.33,1.60,10,0.1000,False,True,22.2055,14,17.67,1600812030.252934,in_progress
SIM_TRACE_LOG:4,40,6.7448,1.1067,54.5626,17.33,1.60,10,0.1000,False,False,22.8423,14,17.67,1600812030.3207407,in_progress
SIM_TRACE_LOG:4,41,6.7912,1.2043,60.1756,26.00,3.20,13,0.1000,False,False,23.7911,15,17.67,1600812030.3872213,in_progress
SIM_TRACE_LOG:4,42,6.8280,1.3080,66.0816,26.00,3.20,13,0.0010,False,False,24.3855,16,17.67,1600812030.4508922,in_progress
SIM_TRACE_LOG:4,43,6.8551,1.4298,73.4477,26.00,3.20,13,0.0010,False,False,25.8640,17,17.67,1600812030.5226622,in_progress
SIM_TRACE_LOG:4,44,6.8695,1.5730,82.2812,26.00,1.60,12,0.0010,False,False,26.6725,17,17.67,1600812030.5879023,in_progress
SIM_TRACE_LOG:4,45,6.8710,1.6946,90.7448,26.00,1.60,12,0.0010,False,False,27.3449,18,17.67,1600812030.6535752,in_progress
SIM_TRACE_LOG:4,46,6.8604,1.8376,99.2423,26.00,3.20,13,0.0010,True,False,29.4661,20,17.67,1600812030.7206867,off_track
[s3] Successfully uploaded metrics to                  s3 bucket aws-deepracer-data-us-east-1-1 with s3 key data-4911253a-c01f-4c71-a54c-19b96a9d885b/models/ArtificialRacers-S3p2T26D-5b/metrics/evaluation/evaluation-20200922215707-Un7TY69dRfSj9PeYJ9zfcg.json.
Testing - Name: main_level/agent Worker: 0 Episode: 0 Total reward: 32.3 Steps: 0 Training iteration: 0 
agent: Finished evaluation phase. Success rate = 0.0, Avg Total Reward = 32.3
[s3] Successfully uploaded simtrace_eval to              s3 bucket aws-deepracer-data-us-east-1-1 with s3 key data-4911253a-c01f-4c71-a54c-19b96a9d885b/models/ArtificialRacers-S3p2T26D-5b/sim-trace/evaluation/20200922215707-Un7TY69dRfSj9PeYJ9zfcg/evaluation-simtrace/1-iteration.csv.
[s3] Successfully uploaded pip to              s3 bucket aws-deepracer-data-us-east-1-1 with s3 key data-4911253a-c01f-4c71-a54c-19b96a9d885b/models/ArtificialRacers-S3p2T26D-5b/videos/evaluation/evaluation-20200922215707-Un7TY69dRfSj9PeYJ9zfcg/camera-pip/1-video.mp4.
[s3] Successfully uploaded degree45 to              s3 bucket aws-deepracer-data-us-east-1-1 with s3 key data-4911253a-c01f-4c71-a54c-19b96a9d885b/models/ArtificialRacers-S3p2T26D-5b/videos/evaluation/evaluation-20200922215707-Un7TY69dRfSj9PeYJ9zfcg/camera-45degree/1-video.mp4.
[s3] Successfully uploaded topview to              s3 bucket aws-deepracer-data-us-east-1-1 with s3 key data-4911253a-c01f-4c71-a54c-19b96a9d885b/models/ArtificialRacers-S3p2T26D-5b/videos/evaluation/evaluation-20200922215707-Un7TY69dRfSj9PeYJ9zfcg/camera-topview/1-video.mp4.
cancel_simulation_job: make sure to shutdown simapp first
[download_params_and_roslaunch_agent_node-2] killing on exit
[agent-10] killing on exit
[visualization_node-9] killing on exit
[agents_video_editor-8] killing on exit
[car_reset_node-7] killing on exit
[gazebo-6] killing on exit
[racecar/kinesis_video_streamer-5] killing on exit
[racecar/h264_video_encoder-4] killing on exit
[racecar/robot_state_publisher-3] killing on exit
[racecar/controller_manager-2] killing on exit
[ INFO] [1600812046.824260247, 48.368000000]: DeepRacerGazeboSystemPlugin: SigInt event received
[INFO] [1600812046.825373, 48.368000]: Shutting down spawner. Stopping and unloading controllers...
[INFO] [1600812046.825752, 48.368000]: Stopping all controllers...
[ INFO] [1600812046.925926960, 48.368000000]: DeepRacerGazeboSystemPlugin: Destructor
[libx264 @ 0x120e3e0] frame I:71    Avg QP:10.11  size: 82647
[libx264 @ 0x120e3e0] frame P:975   Avg QP:12.98  size: 13057
[libx264 @ 0x120e3e0] mb I  I16..4: 18.4% 19.0% 62.6%
[libx264 @ 0x120e3e0] mb P  I16..4:  4.7%  4.0%  2.0%  P16..4: 23.1% 12.6%  9.3%  0.0%  0.0%    skip:44.1%
[libx264 @ 0x120e3e0] final ratefactor: 15.31
[libx264 @ 0x120e3e0] 8x8 transform intra:30.0% inter:21.3%
[libx264 @ 0x120e3e0] coded y,uvDC,uvAC intra: 75.7% 52.3% 32.5% inter: 25.6% 11.8% 6.4%
[libx264 @ 0x120e3e0] i16 v,h,dc,p: 48% 16% 31%  5%
[libx264 @ 0x120e3e0] i8 v,h,dc,ddl,ddr,vr,hd,vl,hu:  7% 19% 38%  5%  5%  4%  7%  4% 11%
[libx264 @ 0x120e3e0] i4 v,h,dc,ddl,ddr,vr,hd,vl,hu: 12% 21% 21%  7%  8%  6% 10%  5% 10%
[libx264 @ 0x120e3e0] i8c dc,h,v,p: 64% 21% 12%  3%
[libx264 @ 0x120e3e0] Weighted P-Frames: Y:0.0% UV:0.0%
[libx264 @ 0x120e3e0] kb/s:2133.64
[rosout-1] killing on exit
[master] killing on exit
shutting down processing monitor...
... shutting down processing monitor complete
done
